{"/home/travis/build/npmtest/node-npmtest-apimocker/test.js":{"path":"/home/travis/build/npmtest/node-npmtest-apimocker/test.js","s":{"1":2,"2":2,"3":2,"4":2,"5":2,"6":2,"7":2,"8":1,"9":2,"10":2,"11":1,"12":1,"13":1,"14":1,"15":2,"16":2,"17":2,"18":2,"19":1,"20":1,"21":2,"22":2,"23":2,"24":1,"25":1,"26":1,"27":1,"28":1,"29":1,"30":1,"31":1,"32":1,"33":1,"34":1,"35":1,"36":1,"37":1,"38":1,"39":2,"40":2,"41":1,"42":2,"43":2,"44":1,"45":2,"46":2,"47":1,"48":2,"49":2,"50":1,"51":1,"52":1,"53":1,"54":1},"b":{"1":[2,1,1,1],"2":[1,1,1,1],"3":[1,1],"4":[1,1],"5":[1,1],"6":[1,1],"7":[1,1],"8":[1,1],"9":[1,1],"10":[1,1,1],"11":[1,1],"12":[1,1],"13":[1,1],"14":[1,1],"15":[1,1],"16":[1,1],"17":[1,1]},"f":{"1":2,"2":2,"3":2,"4":2,"5":2,"6":1,"7":1,"8":1,"9":2,"10":2,"11":2,"12":2,"13":1},"fnMap":{"1":{"name":"(anonymous_1)","line":12,"loc":{"start":{"line":12,"column":1},"end":{"line":12,"column":13}}},"2":{"name":"(anonymous_2)","line":19,"loc":{"start":{"line":19,"column":5},"end":{"line":19,"column":17}}},"3":{"name":"(anonymous_3)","line":23,"loc":{"start":{"line":23,"column":24},"end":{"line":23,"column":36}}},"4":{"name":"(anonymous_4)","line":61,"loc":{"start":{"line":61,"column":5},"end":{"line":61,"column":17}}},"5":{"name":"(anonymous_5)","line":82,"loc":{"start":{"line":82,"column":5},"end":{"line":82,"column":17}}},"6":{"name":"(anonymous_6)","line":91,"loc":{"start":{"line":91,"column":77},"end":{"line":94,"column":10}}},"7":{"name":"(anonymous_7)","line":112,"loc":{"start":{"line":112,"column":83},"end":{"line":115,"column":10}},"skip":true},"8":{"name":"(anonymous_8)","line":123,"loc":{"start":{"line":123,"column":77},"end":{"line":126,"column":10}},"skip":true},"9":{"name":"(anonymous_9)","line":139,"loc":{"start":{"line":139,"column":12},"end":{"line":139,"column":40}},"skip":true},"10":{"name":"(anonymous_10)","line":147,"loc":{"start":{"line":147,"column":77},"end":{"line":150,"column":10}},"skip":true},"11":{"name":"(anonymous_11)","line":158,"loc":{"start":{"line":158,"column":83},"end":{"line":161,"column":10}},"skip":true},"12":{"name":"(anonymous_12)","line":169,"loc":{"start":{"line":169,"column":79},"end":{"line":172,"column":10}},"skip":true},"13":{"name":"(anonymous_13)","line":180,"loc":{"start":{"line":180,"column":75},"end":{"line":183,"column":10}},"skip":true}},"statementMap":{"1":{"start":{"line":12,"column":0},"end":{"line":195,"column":5}},"2":{"start":{"line":14,"column":4},"end":{"line":14,"column":14}},"3":{"start":{"line":19,"column":4},"end":{"line":56,"column":9}},"4":{"start":{"line":21,"column":8},"end":{"line":21,"column":19}},"5":{"start":{"line":23,"column":8},"end":{"line":35,"column":13}},"6":{"start":{"line":24,"column":12},"end":{"line":34,"column":13}},"7":{"start":{"line":25,"column":16},"end":{"line":28,"column":30}},"8":{"start":{"line":30,"column":16},"end":{"line":33,"column":27}},"9":{"start":{"line":37,"column":8},"end":{"line":39,"column":21}},"10":{"start":{"line":40,"column":8},"end":{"line":53,"column":9}},"11":{"start":{"line":43,"column":12},"end":{"line":46,"column":14}},"12":{"start":{"line":47,"column":12},"end":{"line":47,"column":18}},"13":{"start":{"line":50,"column":12},"end":{"line":51,"column":46}},"14":{"start":{"line":52,"column":12},"end":{"line":52,"column":18}},"15":{"start":{"line":55,"column":8},"end":{"line":55,"column":35}},"16":{"start":{"line":61,"column":4},"end":{"line":63,"column":9}},"17":{"start":{"line":62,"column":8},"end":{"line":62,"column":15}},"18":{"start":{"line":64,"column":4},"end":{"line":77,"column":5}},"19":{"start":{"line":70,"column":8},"end":{"line":70,"column":14}},"20":{"start":{"line":76,"column":8},"end":{"line":76,"column":14}},"21":{"start":{"line":82,"column":4},"end":{"line":84,"column":9}},"22":{"start":{"line":83,"column":8},"end":{"line":83,"column":15}},"23":{"start":{"line":85,"column":4},"end":{"line":194,"column":5}},"24":{"start":{"line":91,"column":8},"end":{"line":99,"column":10}},"25":{"start":{"line":98,"column":12},"end":{"line":98,"column":35}},"26":{"start":{"line":102,"column":8},"end":{"line":104,"column":63}},"27":{"start":{"line":105,"column":8},"end":{"line":105,"column":14}},"28":{"start":{"line":112,"column":8},"end":{"line":121,"column":10},"skip":true},"29":{"start":{"line":119,"column":12},"end":{"line":119,"column":55},"skip":true},"30":{"start":{"line":120,"column":12},"end":{"line":120,"column":48},"skip":true},"31":{"start":{"line":123,"column":8},"end":{"line":136,"column":10},"skip":true},"32":{"start":{"line":130,"column":12},"end":{"line":130,"column":76},"skip":true},"33":{"start":{"line":131,"column":12},"end":{"line":131,"column":73},"skip":true},"34":{"start":{"line":132,"column":12},"end":{"line":132,"column":74},"skip":true},"35":{"start":{"line":133,"column":12},"end":{"line":133,"column":79},"skip":true},"36":{"start":{"line":134,"column":12},"end":{"line":134,"column":25},"skip":true},"37":{"start":{"line":135,"column":12},"end":{"line":135,"column":45},"skip":true},"38":{"start":{"line":138,"column":8},"end":{"line":145,"column":14},"skip":true},"39":{"start":{"line":143,"column":16},"end":{"line":143,"column":29},"skip":true},"40":{"start":{"line":144,"column":16},"end":{"line":144,"column":55},"skip":true},"41":{"start":{"line":147,"column":8},"end":{"line":156,"column":10},"skip":true},"42":{"start":{"line":154,"column":12},"end":{"line":154,"column":25},"skip":true},"43":{"start":{"line":155,"column":12},"end":{"line":155,"column":45},"skip":true},"44":{"start":{"line":158,"column":8},"end":{"line":167,"column":10},"skip":true},"45":{"start":{"line":165,"column":12},"end":{"line":165,"column":25},"skip":true},"46":{"start":{"line":166,"column":12},"end":{"line":166,"column":48},"skip":true},"47":{"start":{"line":169,"column":8},"end":{"line":178,"column":10},"skip":true},"48":{"start":{"line":176,"column":12},"end":{"line":176,"column":25},"skip":true},"49":{"start":{"line":177,"column":12},"end":{"line":177,"column":46},"skip":true},"50":{"start":{"line":180,"column":8},"end":{"line":189,"column":10},"skip":true},"51":{"start":{"line":187,"column":12},"end":{"line":187,"column":94},"skip":true},"52":{"start":{"line":188,"column":12},"end":{"line":188,"column":48},"skip":true},"53":{"start":{"line":192,"column":8},"end":{"line":192,"column":35},"skip":true},"54":{"start":{"line":193,"column":8},"end":{"line":193,"column":14},"skip":true}},"branchMap":{"1":{"line":25,"type":"binary-expr","locations":[{"start":{"line":25,"column":23},"end":{"line":25,"column":62}},{"start":{"line":26,"column":20},"end":{"line":26,"column":70}},{"start":{"line":27,"column":20},"end":{"line":27,"column":71}},{"start":{"line":28,"column":20},"end":{"line":28,"column":29}}]},"2":{"line":30,"type":"binary-expr","locations":[{"start":{"line":30,"column":23},"end":{"line":30,"column":37}},{"start":{"line":31,"column":20},"end":{"line":31,"column":61}},{"start":{"line":32,"column":20},"end":{"line":32,"column":70}},{"start":{"line":33,"column":20},"end":{"line":33,"column":26}}]},"3":{"line":37,"type":"cond-expr","locations":[{"start":{"line":38,"column":14},"end":{"line":38,"column":20}},{"start":{"line":39,"column":14},"end":{"line":39,"column":20}}]},"4":{"line":40,"type":"switch","locations":[{"start":{"line":42,"column":8},"end":{"line":47,"column":18}},{"start":{"line":49,"column":8},"end":{"line":52,"column":18}}]},"5":{"line":44,"type":"binary-expr","locations":[{"start":{"line":44,"column":16},"end":{"line":44,"column":44}},{"start":{"line":44,"column":48},"end":{"line":44,"column":66}}]},"6":{"line":50,"type":"binary-expr","locations":[{"start":{"line":50,"column":21},"end":{"line":50,"column":49}},{"start":{"line":50,"column":53},"end":{"line":50,"column":72}}]},"7":{"line":64,"type":"switch","locations":[{"start":{"line":69,"column":4},"end":{"line":70,"column":14}},{"start":{"line":75,"column":4},"end":{"line":76,"column":14}}]},"8":{"line":85,"type":"switch","locations":[{"start":{"line":90,"column":4},"end":{"line":105,"column":14}},{"start":{"line":111,"column":4},"end":{"line":193,"column":14},"skip":true}]},"9":{"line":91,"type":"binary-expr","locations":[{"start":{"line":91,"column":42},"end":{"line":91,"column":73}},{"start":{"line":91,"column":77},"end":{"line":99,"column":9}}]},"10":{"line":102,"type":"binary-expr","locations":[{"start":{"line":102,"column":18},"end":{"line":102,"column":32}},{"start":{"line":103,"column":12},"end":{"line":103,"column":53}},{"start":{"line":104,"column":12},"end":{"line":104,"column":61}}]},"11":{"line":112,"type":"binary-expr","locations":[{"start":{"line":112,"column":45},"end":{"line":112,"column":79},"skip":true},{"start":{"line":112,"column":83},"end":{"line":121,"column":9},"skip":true}]},"12":{"line":123,"type":"binary-expr","locations":[{"start":{"line":123,"column":42},"end":{"line":123,"column":73},"skip":true},{"start":{"line":123,"column":77},"end":{"line":136,"column":9},"skip":true}]},"13":{"line":138,"type":"binary-expr","locations":[{"start":{"line":138,"column":48},"end":{"line":138,"column":85},"skip":true},{"start":{"line":139,"column":12},"end":{"line":145,"column":13},"skip":true}]},"14":{"line":147,"type":"binary-expr","locations":[{"start":{"line":147,"column":42},"end":{"line":147,"column":73},"skip":true},{"start":{"line":147,"column":77},"end":{"line":156,"column":9},"skip":true}]},"15":{"line":158,"type":"binary-expr","locations":[{"start":{"line":158,"column":45},"end":{"line":158,"column":79},"skip":true},{"start":{"line":158,"column":83},"end":{"line":167,"column":9},"skip":true}]},"16":{"line":169,"type":"binary-expr","locations":[{"start":{"line":169,"column":43},"end":{"line":169,"column":75},"skip":true},{"start":{"line":169,"column":79},"end":{"line":178,"column":9},"skip":true}]},"17":{"line":180,"type":"binary-expr","locations":[{"start":{"line":180,"column":41},"end":{"line":180,"column":71},"skip":true},{"start":{"line":180,"column":75},"end":{"line":189,"column":9},"skip":true}]}},"code":["/* istanbul instrument in package npmtest_apimocker */","/*jslint","    bitwise: true,","    browser: true,","    maxerr: 8,","    maxlen: 96,","    node: true,","    nomen: true,","    regexp: true,","    stupid: true","*/","(function () {","    'use strict';","    var local;","","","","    // run shared js-env code - pre-init","    (function () {","        // init local","        local = {};","        // init modeJs","        local.modeJs = (function () {","            try {","                return typeof navigator.userAgent === 'string' &&","                    typeof document.querySelector('body') === 'object' &&","                    typeof XMLHttpRequest.prototype.open === 'function' &&","                    'browser';","            } catch (errorCaughtBrowser) {","                return module.exports &&","                    typeof process.versions.node === 'string' &&","                    typeof require('http').createServer === 'function' &&","                    'node';","            }","        }());","        // init global","        local.global = local.modeJs === 'browser'","            ? window","            : global;","        switch (local.modeJs) {","        // re-init local from window.local","        case 'browser':","            local = local.global.utility2.objectSetDefault(","                local.global.utility2_rollup || local.global.local,","                local.global.utility2","            );","            break;","        // re-init local from example.js","        case 'node':","            local = (local.global.utility2_rollup || require('utility2'))","                .requireExampleJsFromReadme();","            break;","        }","        // export local","        local.global.local = local;","    }());","","","","    // run shared js-env code - function","    (function () {","        return;","    }());","    switch (local.modeJs) {","","","","    // run browser js-env code - function","    case 'browser':","        break;","","","","    // run node js-env code - function","    case 'node':","        break;","    }","","","","    // run shared js-env code - post-init","    (function () {","        return;","    }());","    switch (local.modeJs) {","","","","    // run browser js-env code - post-init","    case 'browser':","        local.testCase_browser_nullCase = local.testCase_browser_nullCase || function (","            options,","            onError","        ) {","        /*","         * this function will test browsers's null-case handling-behavior-behavior","         */","            onError(null, options);","        };","","        // run tests","        local.nop(local.modeTest &&","            document.querySelector('#testRunButton1') &&","            document.querySelector('#testRunButton1').click());","        break;","","","","    // run node js-env code - post-init","    /* istanbul ignore next */","    case 'node':","        local.testCase_buildApidoc_default = local.testCase_buildApidoc_default || function (","            options,","            onError","        ) {","        /*","         * this function will test buildApidoc's default handling-behavior-behavior","         */","            options = { modulePathList: module.paths };","            local.buildApidoc(options, onError);","        };","","        local.testCase_buildApp_default = local.testCase_buildApp_default || function (","            options,","            onError","        ) {","        /*","         * this function will test buildApp's default handling-behavior-behavior","         */","            local.testCase_buildReadme_default(options, local.onErrorThrow);","            local.testCase_buildLib_default(options, local.onErrorThrow);","            local.testCase_buildTest_default(options, local.onErrorThrow);","            local.testCase_buildCustomOrg_default(options, local.onErrorThrow);","            options = [];","            local.buildApp(options, onError);","        };","","        local.testCase_buildCustomOrg_default = local.testCase_buildCustomOrg_default ||","            function (options, onError) {","            /*","             * this function will test buildCustomOrg's default handling-behavior","             */","                options = {};","                local.buildCustomOrg(options, onError);","            };","","        local.testCase_buildLib_default = local.testCase_buildLib_default || function (","            options,","            onError","        ) {","        /*","         * this function will test buildLib's default handling-behavior","         */","            options = {};","            local.buildLib(options, onError);","        };","","        local.testCase_buildReadme_default = local.testCase_buildReadme_default || function (","            options,","            onError","        ) {","        /*","         * this function will test buildReadme's default handling-behavior-behavior","         */","            options = {};","            local.buildReadme(options, onError);","        };","","        local.testCase_buildTest_default = local.testCase_buildTest_default || function (","            options,","            onError","        ) {","        /*","         * this function will test buildTest's default handling-behavior","         */","            options = {};","            local.buildTest(options, onError);","        };","","        local.testCase_webpage_default = local.testCase_webpage_default || function (","            options,","            onError","        ) {","        /*","         * this function will test webpage's default handling-behavior","         */","            options = { modeCoverageMerge: true, url: local.serverLocalHost + '?modeTest=1' };","            local.browserTest(options, onError);","        };","","        // run test-server","        local.testRunServer(local);","        break;","    }","}());",""],"l":{"12":2,"14":2,"19":2,"21":2,"23":2,"24":2,"25":2,"30":1,"37":2,"40":2,"43":1,"47":1,"50":1,"52":1,"55":2,"61":2,"62":2,"64":2,"70":1,"76":1,"82":2,"83":2,"85":2,"91":1,"98":1,"102":1,"105":1,"112":1,"119":1,"120":1,"123":1,"130":1,"131":1,"132":1,"133":1,"134":1,"135":1,"138":1,"143":2,"144":2,"147":1,"154":2,"155":2,"158":1,"165":2,"166":2,"169":1,"176":2,"177":2,"180":1,"187":1,"188":1,"192":1,"193":1}},"/home/travis/build/npmtest/node-npmtest-apimocker/lib.npmtest_apimocker.js":{"path":"/home/travis/build/npmtest/node-npmtest-apimocker/lib.npmtest_apimocker.js","s":{"1":2,"2":2,"3":2,"4":2,"5":2,"6":2,"7":2,"8":1,"9":2,"10":2,"11":2,"12":2,"13":1,"14":1,"15":1,"16":1},"b":{"1":[2,1,1,1],"2":[1,1,1,1],"3":[1,1],"4":[2,2],"5":[1,1]},"f":{"1":2,"2":2,"3":2},"fnMap":{"1":{"name":"(anonymous_1)","line":12,"loc":{"start":{"line":12,"column":1},"end":{"line":12,"column":13}}},"2":{"name":"(anonymous_2)","line":19,"loc":{"start":{"line":19,"column":5},"end":{"line":19,"column":17}}},"3":{"name":"(anonymous_3)","line":23,"loc":{"start":{"line":23,"column":24},"end":{"line":23,"column":36}}}},"statementMap":{"1":{"start":{"line":12,"column":0},"end":{"line":53,"column":5}},"2":{"start":{"line":14,"column":4},"end":{"line":14,"column":14}},"3":{"start":{"line":19,"column":4},"end":{"line":52,"column":9}},"4":{"start":{"line":21,"column":8},"end":{"line":21,"column":19}},"5":{"start":{"line":23,"column":8},"end":{"line":35,"column":13}},"6":{"start":{"line":24,"column":12},"end":{"line":34,"column":13}},"7":{"start":{"line":25,"column":16},"end":{"line":28,"column":30}},"8":{"start":{"line":30,"column":16},"end":{"line":33,"column":27}},"9":{"start":{"line":37,"column":8},"end":{"line":39,"column":21}},"10":{"start":{"line":41,"column":8},"end":{"line":41,"column":54}},"11":{"start":{"line":43,"column":8},"end":{"line":43,"column":54}},"12":{"start":{"line":45,"column":8},"end":{"line":51,"column":9}},"13":{"start":{"line":46,"column":12},"end":{"line":46,"column":60}},"14":{"start":{"line":48,"column":12},"end":{"line":48,"column":35}},"15":{"start":{"line":49,"column":12},"end":{"line":49,"column":49}},"16":{"start":{"line":50,"column":12},"end":{"line":50,"column":43}}},"branchMap":{"1":{"line":25,"type":"binary-expr","locations":[{"start":{"line":25,"column":23},"end":{"line":25,"column":62}},{"start":{"line":26,"column":20},"end":{"line":26,"column":70}},{"start":{"line":27,"column":20},"end":{"line":27,"column":71}},{"start":{"line":28,"column":20},"end":{"line":28,"column":29}}]},"2":{"line":30,"type":"binary-expr","locations":[{"start":{"line":30,"column":23},"end":{"line":30,"column":37}},{"start":{"line":31,"column":20},"end":{"line":31,"column":61}},{"start":{"line":32,"column":20},"end":{"line":32,"column":70}},{"start":{"line":33,"column":20},"end":{"line":33,"column":26}}]},"3":{"line":37,"type":"cond-expr","locations":[{"start":{"line":38,"column":14},"end":{"line":38,"column":20}},{"start":{"line":39,"column":14},"end":{"line":39,"column":20}}]},"4":{"line":41,"type":"binary-expr","locations":[{"start":{"line":41,"column":16},"end":{"line":41,"column":44}},{"start":{"line":41,"column":48},"end":{"line":41,"column":53}}]},"5":{"line":45,"type":"if","locations":[{"start":{"line":45,"column":8},"end":{"line":45,"column":8}},{"start":{"line":45,"column":8},"end":{"line":45,"column":8}}]}},"code":["/* istanbul instrument in package npmtest_apimocker */","/*jslint","    bitwise: true,","    browser: true,","    maxerr: 8,","    maxlen: 96,","    node: true,","    nomen: true,","    regexp: true,","    stupid: true","*/","(function () {","    'use strict';","    var local;","","","","    // run shared js-env code - pre-init","    (function () {","        // init local","        local = {};","        // init modeJs","        local.modeJs = (function () {","            try {","                return typeof navigator.userAgent === 'string' &&","                    typeof document.querySelector('body') === 'object' &&","                    typeof XMLHttpRequest.prototype.open === 'function' &&","                    'browser';","            } catch (errorCaughtBrowser) {","                return module.exports &&","                    typeof process.versions.node === 'string' &&","                    typeof require('http').createServer === 'function' &&","                    'node';","            }","        }());","        // init global","        local.global = local.modeJs === 'browser'","            ? window","            : global;","        // init utility2_rollup","        local = local.global.utility2_rollup || local;","        // init lib","        local.local = local.npmtest_apimocker = local;","        // init exports","        if (local.modeJs === 'browser') {","            local.global.utility2_npmtest_apimocker = local;","        } else {","            module.exports = local;","            module.exports.__dirname = __dirname;","            module.exports.module = module;","        }","    }());","}());",""],"l":{"12":2,"14":2,"19":2,"21":2,"23":2,"24":2,"25":2,"30":1,"37":2,"41":2,"43":2,"45":2,"46":1,"48":1,"49":1,"50":1}},"/home/travis/build/npmtest/node-npmtest-apimocker/example.js":{"path":"/home/travis/build/npmtest/node-npmtest-apimocker/example.js","s":{"1":2,"2":2,"3":2,"4":2,"5":2,"6":2,"7":2,"8":1,"9":2,"10":2,"11":2,"12":2,"13":1,"14":2,"15":2,"16":2,"17":2,"18":2,"19":0,"20":2,"21":1,"22":1,"23":1,"24":1,"25":1,"26":0,"27":0,"28":1,"29":1,"30":2,"31":0,"32":0,"33":0,"34":1,"35":2,"36":2,"37":3,"38":3,"39":3,"40":3,"41":0,"42":3,"43":3,"44":3,"45":1,"46":3,"47":1,"48":1,"49":1,"50":1,"51":1,"52":1,"53":1,"54":1,"55":1,"56":1,"57":0,"58":1,"59":6,"60":6,"61":1,"62":2,"63":0,"64":2,"65":1,"66":1,"67":0,"68":0,"69":0,"70":0,"71":0,"72":0,"73":0,"74":0,"75":0,"76":0,"77":0,"78":0,"79":0,"80":0,"81":0,"82":0,"83":0},"b":{"1":[2,1,1,1],"2":[1,1,1,1],"3":[1,1],"4":[2,2],"5":[1,1],"6":[1,1],"7":[2,0],"8":[2,1,1,1,1,1],"9":[0,2,0],"10":[1,1],"11":[2,1,1],"12":[1,0],"13":[0,2],"14":[2,0,0,0,0,0,0],"15":[0,3],"16":[3,0],"17":[1,1],"18":[0,1],"19":[1,2,0,2],"20":[1,0],"21":[1,1],"22":[0,0],"23":[0,0],"24":[0,0],"25":[0,0],"26":[0,0],"27":[0,0],"28":[0,0]},"f":{"1":2,"2":2,"3":2,"4":2,"5":2,"6":2,"7":3,"8":3,"9":3,"10":1,"11":6,"12":0},"fnMap":{"1":{"name":"(anonymous_1)","line":26,"loc":{"start":{"line":26,"column":1},"end":{"line":26,"column":13}}},"2":{"name":"(anonymous_2)","line":33,"loc":{"start":{"line":33,"column":5},"end":{"line":33,"column":17}}},"3":{"name":"(anonymous_3)","line":37,"loc":{"start":{"line":37,"column":24},"end":{"line":37,"column":36}}},"4":{"name":"(anonymous_4)","line":69,"loc":{"start":{"line":69,"column":31},"end":{"line":69,"column":48}},"skip":true},"5":{"name":"(anonymous_5)","line":78,"loc":{"start":{"line":78,"column":26},"end":{"line":78,"column":45}},"skip":true},"6":{"name":"(anonymous_6)","line":123,"loc":{"start":{"line":123,"column":33},"end":{"line":123,"column":48}},"skip":true},"7":{"name":"(anonymous_7)","line":125,"loc":{"start":{"line":125,"column":27},"end":{"line":125,"column":39}},"skip":true},"8":{"name":"(anonymous_8)","line":133,"loc":{"start":{"line":133,"column":59},"end":{"line":133,"column":74}},"skip":true},"9":{"name":"(anonymous_9)","line":143,"loc":{"start":{"line":143,"column":45},"end":{"line":143,"column":62}},"skip":true},"10":{"name":"(anonymous_10)","line":144,"loc":{"start":{"line":144,"column":73},"end":{"line":144,"column":92}},"skip":true},"11":{"name":"(anonymous_11)","line":272,"loc":{"start":{"line":272,"column":51},"end":{"line":272,"column":77}},"skip":true},"12":{"name":"(anonymous_12)","line":315,"loc":{"start":{"line":315,"column":32},"end":{"line":315,"column":61}},"skip":true}},"statementMap":{"1":{"start":{"line":26,"column":0},"end":{"line":326,"column":5}},"2":{"start":{"line":28,"column":4},"end":{"line":28,"column":14}},"3":{"start":{"line":33,"column":4},"end":{"line":60,"column":9}},"4":{"start":{"line":35,"column":8},"end":{"line":35,"column":19}},"5":{"start":{"line":37,"column":8},"end":{"line":49,"column":13}},"6":{"start":{"line":38,"column":12},"end":{"line":48,"column":13}},"7":{"start":{"line":39,"column":16},"end":{"line":42,"column":30}},"8":{"start":{"line":44,"column":16},"end":{"line":47,"column":27}},"9":{"start":{"line":51,"column":8},"end":{"line":53,"column":21}},"10":{"start":{"line":55,"column":8},"end":{"line":57,"column":45}},"11":{"start":{"line":59,"column":8},"end":{"line":59,"column":35}},"12":{"start":{"line":61,"column":4},"end":{"line":325,"column":5}},"13":{"start":{"line":69,"column":8},"end":{"line":121,"column":10},"skip":true},"14":{"start":{"line":70,"column":12},"end":{"line":88,"column":13},"skip":true},"15":{"start":{"line":76,"column":16},"end":{"line":87,"column":19},"skip":true},"16":{"start":{"line":79,"column":20},"end":{"line":86,"column":21},"skip":true},"17":{"start":{"line":82,"column":24},"end":{"line":82,"column":43},"skip":true},"18":{"start":{"line":83,"column":24},"end":{"line":83,"column":30},"skip":true},"19":{"start":{"line":85,"column":24},"end":{"line":85,"column":49},"skip":true},"20":{"start":{"line":89,"column":12},"end":{"line":107,"column":13},"skip":true},"21":{"start":{"line":92,"column":16},"end":{"line":102,"column":17},"skip":true},"22":{"start":{"line":93,"column":20},"end":{"line":93,"column":86},"skip":true},"23":{"start":{"line":94,"column":20},"end":{"line":95,"column":45},"skip":true},"24":{"start":{"line":96,"column":20},"end":{"line":96,"column":42},"skip":true},"25":{"start":{"line":97,"column":20},"end":{"line":97,"column":48},"skip":true},"26":{"start":{"line":100,"column":20},"end":{"line":100,"column":85},"skip":true},"27":{"start":{"line":101,"column":20},"end":{"line":101,"column":96},"skip":true},"28":{"start":{"line":103,"column":16},"end":{"line":103,"column":22},"skip":true},"29":{"start":{"line":106,"column":16},"end":{"line":106,"column":22},"skip":true},"30":{"start":{"line":108,"column":12},"end":{"line":120,"column":13},"skip":true},"31":{"start":{"line":114,"column":16},"end":{"line":119,"column":17},"skip":true},"32":{"start":{"line":116,"column":20},"end":{"line":116,"column":78},"skip":true},"33":{"start":{"line":118,"column":20},"end":{"line":118,"column":47},"skip":true},"34":{"start":{"line":123,"column":8},"end":{"line":141,"column":11},"skip":true},"35":{"start":{"line":124,"column":12},"end":{"line":124,"column":54},"skip":true},"36":{"start":{"line":125,"column":12},"end":{"line":140,"column":14},"skip":true},"37":{"start":{"line":126,"column":16},"end":{"line":126,"column":28},"skip":true},"38":{"start":{"line":127,"column":16},"end":{"line":127,"column":69},"skip":true},"39":{"start":{"line":128,"column":16},"end":{"line":128,"column":75},"skip":true},"40":{"start":{"line":129,"column":16},"end":{"line":131,"column":17},"skip":true},"41":{"start":{"line":130,"column":20},"end":{"line":130,"column":27},"skip":true},"42":{"start":{"line":133,"column":16},"end":{"line":137,"column":36},"skip":true},"43":{"start":{"line":134,"column":20},"end":{"line":136,"column":55},"skip":true},"44":{"start":{"line":139,"column":16},"end":{"line":139,"column":57},"skip":true},"45":{"start":{"line":143,"column":8},"end":{"line":147,"column":11},"skip":true},"46":{"start":{"line":144,"column":12},"end":{"line":146,"column":15},"skip":true},"47":{"start":{"line":145,"column":16},"end":{"line":145,"column":70},"skip":true},"48":{"start":{"line":149,"column":8},"end":{"line":149,"column":31},"skip":true},"49":{"start":{"line":150,"column":8},"end":{"line":150,"column":14},"skip":true},"50":{"start":{"line":158,"column":8},"end":{"line":158,"column":31},"skip":true},"51":{"start":{"line":160,"column":8},"end":{"line":160,"column":33},"skip":true},"52":{"start":{"line":161,"column":8},"end":{"line":161,"column":37},"skip":true},"53":{"start":{"line":162,"column":8},"end":{"line":162,"column":35},"skip":true},"54":{"start":{"line":164,"column":8},"end":{"line":164,"column":50},"skip":true},"55":{"start":{"line":166,"column":8},"end":{"line":256,"column":2},"skip":true},"56":{"start":{"line":258,"column":8},"end":{"line":286,"column":9},"skip":true},"57":{"start":{"line":259,"column":12},"end":{"line":269,"column":14},"skip":true},"58":{"start":{"line":271,"column":12},"end":{"line":285,"column":19},"skip":true},"59":{"start":{"line":274,"column":20},"end":{"line":274,"column":35},"skip":true},"60":{"start":{"line":275,"column":20},"end":{"line":284,"column":21},"skip":true},"61":{"start":{"line":277,"column":24},"end":{"line":277,"column":64},"skip":true},"62":{"start":{"line":279,"column":24},"end":{"line":279,"column":40},"skip":true},"63":{"start":{"line":281,"column":24},"end":{"line":281,"column":40},"skip":true},"64":{"start":{"line":283,"column":24},"end":{"line":283,"column":39},"skip":true},"65":{"start":{"line":288,"column":8},"end":{"line":290,"column":9},"skip":true},"66":{"start":{"line":289,"column":12},"end":{"line":289,"column":18},"skip":true},"67":{"start":{"line":291,"column":8},"end":{"line":293,"column":54},"skip":true},"68":{"start":{"line":296,"column":8},"end":{"line":301,"column":37},"skip":true},"69":{"start":{"line":303,"column":8},"end":{"line":303,"column":82},"skip":true},"70":{"start":{"line":306,"column":8},"end":{"line":308,"column":9},"skip":true},"71":{"start":{"line":307,"column":12},"end":{"line":307,"column":82},"skip":true},"72":{"start":{"line":310,"column":8},"end":{"line":312,"column":9},"skip":true},"73":{"start":{"line":311,"column":12},"end":{"line":311,"column":18},"skip":true},"74":{"start":{"line":313,"column":8},"end":{"line":313,"column":54},"skip":true},"75":{"start":{"line":314,"column":8},"end":{"line":314,"column":69},"skip":true},"76":{"start":{"line":315,"column":8},"end":{"line":323,"column":36},"skip":true},"77":{"start":{"line":316,"column":12},"end":{"line":316,"column":61},"skip":true},"78":{"start":{"line":317,"column":12},"end":{"line":320,"column":13},"skip":true},"79":{"start":{"line":318,"column":16},"end":{"line":318,"column":75},"skip":true},"80":{"start":{"line":319,"column":16},"end":{"line":319,"column":23},"skip":true},"81":{"start":{"line":321,"column":12},"end":{"line":321,"column":38},"skip":true},"82":{"start":{"line":322,"column":12},"end":{"line":322,"column":27},"skip":true},"83":{"start":{"line":324,"column":8},"end":{"line":324,"column":14},"skip":true}},"branchMap":{"1":{"line":39,"type":"binary-expr","locations":[{"start":{"line":39,"column":23},"end":{"line":39,"column":62}},{"start":{"line":40,"column":20},"end":{"line":40,"column":70}},{"start":{"line":41,"column":20},"end":{"line":41,"column":71}},{"start":{"line":42,"column":20},"end":{"line":42,"column":29}}]},"2":{"line":44,"type":"binary-expr","locations":[{"start":{"line":44,"column":23},"end":{"line":44,"column":37}},{"start":{"line":45,"column":20},"end":{"line":45,"column":61}},{"start":{"line":46,"column":20},"end":{"line":46,"column":70}},{"start":{"line":47,"column":20},"end":{"line":47,"column":26}}]},"3":{"line":51,"type":"cond-expr","locations":[{"start":{"line":52,"column":14},"end":{"line":52,"column":20}},{"start":{"line":53,"column":14},"end":{"line":53,"column":20}}]},"4":{"line":55,"type":"binary-expr","locations":[{"start":{"line":55,"column":16},"end":{"line":55,"column":44}},{"start":{"line":55,"column":49},"end":{"line":57,"column":43}}]},"5":{"line":55,"type":"cond-expr","locations":[{"start":{"line":56,"column":14},"end":{"line":56,"column":53}},{"start":{"line":57,"column":14},"end":{"line":57,"column":43}}]},"6":{"line":61,"type":"switch","locations":[{"start":{"line":68,"column":4},"end":{"line":150,"column":14},"skip":true},{"start":{"line":156,"column":4},"end":{"line":324,"column":14},"skip":true}]},"7":{"line":70,"type":"if","locations":[{"start":{"line":70,"column":12},"end":{"line":70,"column":12},"skip":true},{"start":{"line":70,"column":12},"end":{"line":70,"column":12},"skip":true}]},"8":{"line":70,"type":"binary-expr","locations":[{"start":{"line":70,"column":16},"end":{"line":70,"column":22},"skip":true},{"start":{"line":70,"column":27},"end":{"line":70,"column":32},"skip":true},{"start":{"line":71,"column":20},"end":{"line":71,"column":39},"skip":true},{"start":{"line":72,"column":20},"end":{"line":72,"column":49},"skip":true},{"start":{"line":73,"column":20},"end":{"line":73,"column":58},"skip":true},{"start":{"line":74,"column":20},"end":{"line":74,"column":69},"skip":true}]},"9":{"line":79,"type":"switch","locations":[{"start":{"line":80,"column":20},"end":{"line":80,"column":33},"skip":true},{"start":{"line":81,"column":20},"end":{"line":83,"column":30},"skip":true},{"start":{"line":84,"column":20},"end":{"line":85,"column":49},"skip":true}]},"10":{"line":89,"type":"switch","locations":[{"start":{"line":90,"column":12},"end":{"line":103,"column":22},"skip":true},{"start":{"line":105,"column":12},"end":{"line":106,"column":22},"skip":true}]},"11":{"line":89,"type":"binary-expr","locations":[{"start":{"line":89,"column":20},"end":{"line":89,"column":25},"skip":true},{"start":{"line":89,"column":29},"end":{"line":89,"column":48},"skip":true},{"start":{"line":89,"column":52},"end":{"line":89,"column":74},"skip":true}]},"12":{"line":92,"type":"if","locations":[{"start":{"line":92,"column":16},"end":{"line":92,"column":16},"skip":true},{"start":{"line":92,"column":16},"end":{"line":92,"column":16},"skip":true}]},"13":{"line":108,"type":"if","locations":[{"start":{"line":108,"column":12},"end":{"line":108,"column":12},"skip":true},{"start":{"line":108,"column":12},"end":{"line":108,"column":12},"skip":true}]},"14":{"line":108,"type":"binary-expr","locations":[{"start":{"line":108,"column":16},"end":{"line":108,"column":61},"skip":true},{"start":{"line":108,"column":66},"end":{"line":108,"column":72},"skip":true},{"start":{"line":108,"column":77},"end":{"line":108,"column":82},"skip":true},{"start":{"line":109,"column":20},"end":{"line":109,"column":39},"skip":true},{"start":{"line":110,"column":20},"end":{"line":110,"column":49},"skip":true},{"start":{"line":111,"column":20},"end":{"line":111,"column":58},"skip":true},{"start":{"line":112,"column":20},"end":{"line":112,"column":68},"skip":true}]},"15":{"line":129,"type":"if","locations":[{"start":{"line":129,"column":16},"end":{"line":129,"column":16},"skip":true},{"start":{"line":129,"column":16},"end":{"line":129,"column":16},"skip":true}]},"16":{"line":134,"type":"cond-expr","locations":[{"start":{"line":135,"column":26},"end":{"line":135,"column":29},"skip":true},{"start":{"line":136,"column":26},"end":{"line":136,"column":54},"skip":true}]},"17":{"line":164,"type":"binary-expr","locations":[{"start":{"line":164,"column":27},"end":{"line":164,"column":43},"skip":true},{"start":{"line":164,"column":47},"end":{"line":164,"column":49},"skip":true}]},"18":{"line":258,"type":"if","locations":[{"start":{"line":258,"column":8},"end":{"line":258,"column":8},"skip":true},{"start":{"line":258,"column":8},"end":{"line":258,"column":8},"skip":true}]},"19":{"line":275,"type":"switch","locations":[{"start":{"line":276,"column":20},"end":{"line":277,"column":64},"skip":true},{"start":{"line":278,"column":20},"end":{"line":279,"column":40},"skip":true},{"start":{"line":280,"column":20},"end":{"line":281,"column":40},"skip":true},{"start":{"line":282,"column":20},"end":{"line":283,"column":39},"skip":true}]},"20":{"line":288,"type":"if","locations":[{"start":{"line":288,"column":8},"end":{"line":288,"column":8},"skip":true},{"start":{"line":288,"column":8},"end":{"line":288,"column":8},"skip":true}]},"21":{"line":288,"type":"binary-expr","locations":[{"start":{"line":288,"column":12},"end":{"line":288,"column":40},"skip":true},{"start":{"line":288,"column":44},"end":{"line":288,"column":67},"skip":true}]},"22":{"line":292,"type":"binary-expr","locations":[{"start":{"line":292,"column":12},"end":{"line":292,"column":50},"skip":true},{"start":{"line":293,"column":12},"end":{"line":293,"column":53},"skip":true}]},"23":{"line":297,"type":"binary-expr","locations":[{"start":{"line":297,"column":12},"end":{"line":297,"column":67},"skip":true},{"start":{"line":298,"column":12},"end":{"line":301,"column":36},"skip":true}]},"24":{"line":303,"type":"binary-expr","locations":[{"start":{"line":303,"column":43},"end":{"line":303,"column":75},"skip":true},{"start":{"line":303,"column":79},"end":{"line":303,"column":81},"skip":true}]},"25":{"line":306,"type":"if","locations":[{"start":{"line":306,"column":8},"end":{"line":306,"column":8},"skip":true},{"start":{"line":306,"column":8},"end":{"line":306,"column":8},"skip":true}]},"26":{"line":310,"type":"if","locations":[{"start":{"line":310,"column":8},"end":{"line":310,"column":8},"skip":true},{"start":{"line":310,"column":8},"end":{"line":310,"column":8},"skip":true}]},"27":{"line":313,"type":"binary-expr","locations":[{"start":{"line":313,"column":27},"end":{"line":313,"column":43},"skip":true},{"start":{"line":313,"column":47},"end":{"line":313,"column":53},"skip":true}]},"28":{"line":317,"type":"if","locations":[{"start":{"line":317,"column":12},"end":{"line":317,"column":12},"skip":true},{"start":{"line":317,"column":12},"end":{"line":317,"column":12},"skip":true}]}},"code":["/*","example.js","","quickstart example","","instruction","    1. save this script as example.js","    2. run the shell command:","        $ npm install npmtest-apimocker && PORT=8081 node example.js","    3. play with the browser-demo on http://127.0.0.1:8081","*/","","","","/* istanbul instrument in package npmtest_apimocker */","/*jslint","    bitwise: true,","    browser: true,","    maxerr: 8,","    maxlen: 96,","    node: true,","    nomen: true,","    regexp: true,","    stupid: true","*/","(function () {","    'use strict';","    var local;","","","","    // run shared js-env code - pre-init","    (function () {","        // init local","        local = {};","        // init modeJs","        local.modeJs = (function () {","            try {","                return typeof navigator.userAgent === 'string' &&","                    typeof document.querySelector('body') === 'object' &&","                    typeof XMLHttpRequest.prototype.open === 'function' &&","                    'browser';","            } catch (errorCaughtBrowser) {","                return module.exports &&","                    typeof process.versions.node === 'string' &&","                    typeof require('http').createServer === 'function' &&","                    'node';","            }","        }());","        // init global","        local.global = local.modeJs === 'browser'","            ? window","            : global;","        // init utility2_rollup","        local = local.global.utility2_rollup || (local.modeJs === 'browser'","            ? local.global.utility2_npmtest_apimocker","            : global.utility2_moduleExports);","        // export local","        local.global.local = local;","    }());","    switch (local.modeJs) {","","","","    // post-init","    // run browser js-env code - post-init","    /* istanbul ignore next */","    case 'browser':","        local.testRunBrowser = function (event) {","            if (!event || (event &&","                    event.currentTarget &&","                    event.currentTarget.className &&","                    event.currentTarget.className.includes &&","                    event.currentTarget.className.includes('onreset'))) {","                // reset output","                Array.from(","                    document.querySelectorAll('body > .resettable')","                ).forEach(function (element) {","                    switch (element.tagName) {","                    case 'INPUT':","                    case 'TEXTAREA':","                        element.value = '';","                        break;","                    default:","                        element.textContent = '';","                    }","                });","            }","            switch (event && event.currentTarget && event.currentTarget.id) {","            case 'testRunButton1':","                // show tests","                if (document.querySelector('#testReportDiv1').style.display === 'none') {","                    document.querySelector('#testReportDiv1').style.display = 'block';","                    document.querySelector('#testRunButton1').textContent =","                        'hide internal test';","                    local.modeTest = true;","                    local.testRunDefault(local);","                // hide tests","                } else {","                    document.querySelector('#testReportDiv1').style.display = 'none';","                    document.querySelector('#testRunButton1').textContent = 'run internal test';","                }","                break;","            // custom-case","            default:","                break;","            }","            if (document.querySelector('#inputTextareaEval1') && (!event || (event &&","                    event.currentTarget &&","                    event.currentTarget.className &&","                    event.currentTarget.className.includes &&","                    event.currentTarget.className.includes('oneval')))) {","                // try to eval input-code","                try {","                    /*jslint evil: true*/","                    eval(document.querySelector('#inputTextareaEval1').value);","                } catch (errorCaught) {","                    console.error(errorCaught);","                }","            }","        };","        // log stderr and stdout to #outputTextareaStdout1","        ['error', 'log'].forEach(function (key) {","            console[key + '_original'] = console[key];","            console[key] = function () {","                var element;","                console[key + '_original'].apply(console, arguments);","                element = document.querySelector('#outputTextareaStdout1');","                if (!element) {","                    return;","                }","                // append text to #outputTextareaStdout1","                element.value += Array.from(arguments).map(function (arg) {","                    return typeof arg === 'string'","                        ? arg","                        : JSON.stringify(arg, null, 4);","                }).join(' ') + '\\n';","                // scroll textarea to bottom","                element.scrollTop = element.scrollHeight;","            };","        });","        // init event-handling","        ['change', 'click', 'keyup'].forEach(function (event) {","            Array.from(document.querySelectorAll('.on' + event)).forEach(function (element) {","                element.addEventListener(event, local.testRunBrowser);","            });","        });","        // run tests","        local.testRunBrowser();","        break;","","","","    // run node js-env code - post-init","    /* istanbul ignore next */","    case 'node':","        // export local","        module.exports = local;","        // require modules","        local.fs = require('fs');","        local.http = require('http');","        local.url = require('url');","        // init assets","        local.assetsDict = local.assetsDict || {};","        /* jslint-ignore-begin */","        local.assetsDict['/assets.index.template.html'] = '\\","<!doctype html>\\n\\","<html lang=\"en\">\\n\\","<head>\\n\\","<meta charset=\"UTF-8\">\\n\\","<meta name=\"viewport\" content=\"width=device-width, initial-scale=1\">\\n\\","<title>{{env.npm_package_name}} (v{{env.npm_package_version}})</title>\\n\\","<style>\\n\\","/*csslint\\n\\","    box-sizing: false,\\n\\","    universal-selector: false\\n\\","*/\\n\\","* {\\n\\","    box-sizing: border-box;\\n\\","}\\n\\","body {\\n\\","    background: #dde;\\n\\","    font-family: Arial, Helvetica, sans-serif;\\n\\","    margin: 2rem;\\n\\","}\\n\\","body > * {\\n\\","    margin-bottom: 1rem;\\n\\","}\\n\\",".utility2FooterDiv {\\n\\","    margin-top: 20px;\\n\\","    text-align: center;\\n\\","}\\n\\","</style>\\n\\","<style>\\n\\","/*csslint\\n\\","*/\\n\\","textarea {\\n\\","    font-family: monospace;\\n\\","    height: 10rem;\\n\\","    width: 100%;\\n\\","}\\n\\","textarea[readonly] {\\n\\","    background: #ddd;\\n\\","}\\n\\","</style>\\n\\","</head>\\n\\","<body>\\n\\","<!-- utility2-comment\\n\\","<div id=\"ajaxProgressDiv1\" style=\"background: #d00; height: 2px; left: 0; margin: 0; padding: 0; position: fixed; top: 0; transition: background 0.5s, width 1.5s; width: 25%;\"></div>\\n\\","utility2-comment -->\\n\\","<h1>\\n\\","<!-- utility2-comment\\n\\","    <a\\n\\","        {{#if env.npm_package_homepage}}\\n\\","        href=\"{{env.npm_package_homepage}}\"\\n\\","        {{/if env.npm_package_homepage}}\\n\\","        target=\"_blank\"\\n\\","    >\\n\\","utility2-comment -->\\n\\","        {{env.npm_package_name}} (v{{env.npm_package_version}})\\n\\","<!-- utility2-comment\\n\\","    </a>\\n\\","utility2-comment -->\\n\\","</h1>\\n\\","<h3>{{env.npm_package_description}}</h3>\\n\\","<!-- utility2-comment\\n\\","<h4><a download href=\"assets.app.js\">download standalone app</a></h4>\\n\\","<button class=\"onclick onreset\" id=\"testRunButton1\">run internal test</button><br>\\n\\","<div id=\"testReportDiv1\" style=\"display: none;\"></div>\\n\\","utility2-comment -->\\n\\","\\n\\","\\n\\","\\n\\","<label>stderr and stdout</label>\\n\\","<textarea class=\"resettable\" id=\"outputTextareaStdout1\" readonly></textarea>\\n\\","<!-- utility2-comment\\n\\","{{#if isRollup}}\\n\\","<script src=\"assets.app.js\"></script>\\n\\","{{#unless isRollup}}\\n\\","utility2-comment -->\\n\\","<script src=\"assets.utility2.rollup.js\"></script>\\n\\","<script src=\"jsonp.utility2._stateInit?callback=window.utility2._stateInit\"></script>\\n\\","<script src=\"assets.npmtest_apimocker.rollup.js\"></script>\\n\\","<script src=\"assets.example.js\"></script>\\n\\","<script src=\"assets.test.js\"></script>\\n\\","<!-- utility2-comment\\n\\","{{/if isRollup}}\\n\\","utility2-comment -->\\n\\","<div class=\"utility2FooterDiv\">\\n\\","    [ this app was created with\\n\\","    <a href=\"https://github.com/kaizhu256/node-utility2\" target=\"_blank\">utility2</a>\\n\\","    ]\\n\\","</div>\\n\\","</body>\\n\\","</html>\\n\\","';","        /* jslint-ignore-end */","        if (local.templateRender) {","            local.assetsDict['/'] = local.templateRender(","                local.assetsDict['/assets.index.template.html'],","                {","                    env: local.objectSetDefault(local.env, {","                        npm_package_description: 'the greatest app in the world!',","                        npm_package_name: 'my-app',","                        npm_package_nameAlias: 'my_app',","                        npm_package_version: '0.0.1'","                    })","                }","            );","        } else {","            local.assetsDict['/'] = local.assetsDict['/assets.index.template.html']","                .replace((/\\{\\{env\\.(\\w+?)\\}\\}/g), function (match0, match1) {","                    // jslint-hack","                    String(match0);","                    switch (match1) {","                    case 'npm_package_description':","                        return 'the greatest app in the world!';","                    case 'npm_package_name':","                        return 'my-app';","                    case 'npm_package_nameAlias':","                        return 'my_app';","                    case 'npm_package_version':","                        return '0.0.1';","                    }","                });","        }","        // run the cli","        if (local.global.utility2_rollup || module !== require.main) {","            break;","        }","        local.assetsDict['/assets.example.js'] =","            local.assetsDict['/assets.example.js'] ||","            local.fs.readFileSync(__filename, 'utf8');","        // bug-workaround - long $npm_package_buildCustomOrg","        /* jslint-ignore-begin */","        local.assetsDict['/assets.npmtest_apimocker.rollup.js'] =","            local.assetsDict['/assets.npmtest_apimocker.rollup.js'] ||","            local.fs.readFileSync(","                local.npmtest_apimocker.__dirname + '/lib.npmtest_apimocker.js',","                'utf8'","            ).replace((/^#!/), '//');","        /* jslint-ignore-end */","        local.assetsDict['/favicon.ico'] = local.assetsDict['/favicon.ico'] || '';","        // if $npm_config_timeout_exit exists,","        // then exit this process after $npm_config_timeout_exit ms","        if (Number(process.env.npm_config_timeout_exit)) {","            setTimeout(process.exit, Number(process.env.npm_config_timeout_exit));","        }","        // start server","        if (local.global.utility2_serverHttp1) {","            break;","        }","        process.env.PORT = process.env.PORT || '8081';","        console.error('server starting on port ' + process.env.PORT);","        local.http.createServer(function (request, response) {","            request.urlParsed = local.url.parse(request.url);","            if (local.assetsDict[request.urlParsed.pathname] !== undefined) {","                response.end(local.assetsDict[request.urlParsed.pathname]);","                return;","            }","            response.statusCode = 404;","            response.end();","        }).listen(process.env.PORT);","        break;","    }","}());",""],"l":{"26":2,"28":2,"33":2,"35":2,"37":2,"38":2,"39":2,"44":1,"51":2,"55":2,"59":2,"61":2,"69":1,"70":2,"76":2,"79":2,"82":2,"83":2,"85":1,"89":2,"92":1,"93":1,"94":1,"96":1,"97":1,"100":1,"101":1,"103":1,"106":1,"108":2,"114":1,"116":1,"118":1,"123":1,"124":2,"125":2,"126":3,"127":3,"128":3,"129":3,"130":1,"133":3,"134":3,"139":3,"143":1,"144":3,"145":1,"149":1,"150":1,"158":1,"160":1,"161":1,"162":1,"164":1,"166":1,"258":1,"259":1,"271":1,"274":6,"275":6,"277":1,"279":2,"281":1,"283":2,"288":1,"289":1,"291":1,"296":1,"303":1,"306":1,"307":1,"310":1,"311":1,"313":1,"314":1,"315":1,"316":1,"317":1,"318":1,"319":1,"321":1,"322":1,"324":1}},"/home/travis/build/npmtest/node-npmtest-apimocker/node_modules/apimocker/lib/apimocker.js":{"path":"/home/travis/build/npmtest/node-npmtest-apimocker/node_modules/apimocker/lib/apimocker.js","s":{"1":1,"2":1,"3":1,"4":0,"5":1,"6":0,"7":0,"8":0,"9":0,"10":0,"11":0,"12":0,"13":0,"14":0,"15":0,"16":0,"17":0,"18":0,"19":0,"20":0,"21":0,"22":0,"23":0,"24":0,"25":0,"26":0,"27":0,"28":0,"29":0,"30":0,"31":0,"32":0,"33":0,"34":0,"35":0,"36":0,"37":0,"38":0,"39":1,"40":0,"41":0,"42":0,"43":0,"44":0,"45":0,"46":1,"47":0,"48":0,"49":0,"50":0,"51":0,"52":0,"53":0,"54":0,"55":0,"56":0,"57":0,"58":0,"59":0,"60":0,"61":1,"62":0,"63":0,"64":0,"65":0,"66":0,"67":0,"68":0,"69":0,"70":0,"71":0,"72":0,"73":0,"74":0,"75":0,"76":0,"77":0,"78":0,"79":0,"80":0,"81":0,"82":0,"83":1,"84":0,"85":0,"86":0,"87":0,"88":0,"89":1,"90":0,"91":0,"92":0,"93":0,"94":0,"95":0,"96":0,"97":0,"98":0,"99":0,"100":1,"101":0,"102":0,"103":0,"104":1,"105":0,"106":0,"107":0,"108":0,"109":0,"110":0,"111":0,"112":0,"113":0,"114":0,"115":0,"116":0,"117":0,"118":1,"119":0,"120":0,"121":0,"122":0,"123":0,"124":0,"125":0,"126":0,"127":0,"128":0,"129":0,"130":0,"131":0,"132":0,"133":0,"134":0,"135":0,"136":0,"137":0,"138":0,"139":0,"140":0,"141":0,"142":0,"143":0,"144":0,"145":0,"146":0,"147":0,"148":0,"149":0,"150":0,"151":0,"152":0,"153":0,"154":0,"155":0,"156":0,"157":0,"158":0,"159":0,"160":0,"161":0,"162":0,"163":1,"164":0,"165":0,"166":0,"167":0,"168":0,"169":0,"170":0,"171":0,"172":0,"173":0,"174":0,"175":0,"176":0,"177":0,"178":0,"179":0,"180":0,"181":0,"182":0,"183":0,"184":0,"185":0,"186":0,"187":0,"188":0,"189":0,"190":0,"191":0,"192":0,"193":0,"194":0,"195":0,"196":0,"197":0,"198":0,"199":0,"200":0,"201":0,"202":0,"203":0,"204":0,"205":0,"206":0,"207":0,"208":0,"209":0,"210":0,"211":0,"212":0,"213":0,"214":0,"215":0,"216":0,"217":0,"218":0,"219":1,"220":0,"221":0,"222":0,"223":0,"224":0,"225":0,"226":0,"227":0,"228":0,"229":0,"230":0,"231":0,"232":0,"233":0,"234":0,"235":0,"236":0,"237":0,"238":0,"239":0,"240":0,"241":0,"242":0,"243":0,"244":0,"245":0,"246":0,"247":0,"248":0,"249":0,"250":0,"251":0,"252":0,"253":0,"254":0,"255":0,"256":0,"257":0,"258":0,"259":0,"260":0,"261":0,"262":0,"263":0,"264":0,"265":0,"266":1,"267":0,"268":0,"269":0,"270":0,"271":0,"272":0,"273":0,"274":0,"275":0,"276":1,"277":0,"278":0,"279":0,"280":0,"281":0,"282":1,"283":0,"284":0,"285":0,"286":0,"287":0,"288":0,"289":0,"290":0,"291":0,"292":0,"293":0,"294":0,"295":0,"296":1,"297":0,"298":0,"299":0,"300":0,"301":1,"302":1,"303":1,"304":1,"305":1},"b":{"1":[0,0],"2":[0,0],"3":[0,0],"4":[0,0],"5":[0,0],"6":[0,0],"7":[0,0],"8":[0,0],"9":[0,0],"10":[0,0],"11":[0,0],"12":[0,0],"13":[0,0,0],"14":[0,0],"15":[0,0],"16":[0,0],"17":[0,0],"18":[0,0],"19":[0,0],"20":[0,0],"21":[0,0],"22":[0,0],"23":[0,0],"24":[0,0],"25":[0,0],"26":[0,0],"27":[0,0],"28":[0,0],"29":[0,0],"30":[0,0],"31":[0,0],"32":[0,0],"33":[0,0],"34":[0,0],"35":[0,0],"36":[0,0],"37":[0,0],"38":[0,0],"39":[0,0],"40":[0,0],"41":[0,0],"42":[0,0],"43":[0,0,0],"44":[0,0],"45":[0,0],"46":[0,0],"47":[0,0],"48":[0,0],"49":[0,0],"50":[0,0],"51":[0,0],"52":[0,0],"53":[0,0],"54":[0,0],"55":[0,0],"56":[0,0],"57":[0,0],"58":[0,0],"59":[0,0],"60":[0,0],"61":[0,0],"62":[0,0],"63":[0,0],"64":[0,0],"65":[0,0],"66":[0,0],"67":[0,0],"68":[0,0],"69":[0,0],"70":[0,0,0],"71":[0,0],"72":[0,0],"73":[0,0],"74":[0,0],"75":[0,0],"76":[0,0],"77":[0,0],"78":[0,0],"79":[0,0],"80":[0,0],"81":[0,0],"82":[0,0],"83":[0,0],"84":[0,0],"85":[0,0],"86":[0,0],"87":[0,0],"88":[0,0],"89":[0,0],"90":[0,0],"91":[0,0],"92":[0,0],"93":[0,0],"94":[0,0],"95":[0,0]},"f":{"1":0,"2":0,"3":0,"4":0,"5":0,"6":0,"7":0,"8":0,"9":0,"10":0,"11":0,"12":0,"13":0,"14":0,"15":0,"16":0,"17":0,"18":0,"19":0,"20":0,"21":0,"22":0,"23":0,"24":0,"25":0,"26":0,"27":0,"28":0,"29":0,"30":0,"31":0,"32":0,"33":0},"fnMap":{"1":{"name":"(anonymous_1)","line":22,"loc":{"start":{"line":22,"column":25},"end":{"line":22,"column":43}}},"2":{"name":"logger","line":25,"loc":{"start":{"line":25,"column":1},"end":{"line":25,"column":27}}},"3":{"name":"(anonymous_3)","line":40,"loc":{"start":{"line":40,"column":13},"end":{"line":40,"column":38}}},"4":{"name":"(anonymous_4)","line":61,"loc":{"start":{"line":61,"column":17},"end":{"line":61,"column":32}}},"5":{"name":"(anonymous_5)","line":73,"loc":{"start":{"line":73,"column":29},"end":{"line":73,"column":55}}},"6":{"name":"(anonymous_6)","line":87,"loc":{"start":{"line":87,"column":26},"end":{"line":87,"column":42}}},"7":{"name":"(anonymous_7)","line":99,"loc":{"start":{"line":99,"column":27},"end":{"line":99,"column":38}}},"8":{"name":"(anonymous_8)","line":114,"loc":{"start":{"line":114,"column":40},"end":{"line":114,"column":55}}},"9":{"name":"(anonymous_9)","line":115,"loc":{"start":{"line":115,"column":30},"end":{"line":115,"column":46}}},"10":{"name":"(anonymous_10)","line":127,"loc":{"start":{"line":127,"column":32},"end":{"line":127,"column":43}}},"11":{"name":"(anonymous_11)","line":128,"loc":{"start":{"line":128,"column":39},"end":{"line":128,"column":58}}},"12":{"name":"(anonymous_12)","line":136,"loc":{"start":{"line":136,"column":40},"end":{"line":136,"column":59}}},"13":{"name":"(anonymous_13)","line":159,"loc":{"start":{"line":159,"column":22},"end":{"line":159,"column":44}}},"14":{"name":"(anonymous_14)","line":161,"loc":{"start":{"line":161,"column":22},"end":{"line":161,"column":36}}},"15":{"name":"(anonymous_15)","line":164,"loc":{"start":{"line":164,"column":20},"end":{"line":164,"column":32}}},"16":{"name":"(anonymous_16)","line":170,"loc":{"start":{"line":170,"column":28},"end":{"line":170,"column":49}}},"17":{"name":"(anonymous_17)","line":188,"loc":{"start":{"line":188,"column":25},"end":{"line":188,"column":44}}},"18":{"name":"(anonymous_18)","line":197,"loc":{"start":{"line":197,"column":31},"end":{"line":197,"column":54}}},"19":{"name":"(anonymous_19)","line":200,"loc":{"start":{"line":200,"column":18},"end":{"line":200,"column":29}}},"20":{"name":"(anonymous_20)","line":228,"loc":{"start":{"line":228,"column":25},"end":{"line":228,"column":57}}},"21":{"name":"(anonymous_21)","line":233,"loc":{"start":{"line":233,"column":12},"end":{"line":233,"column":23}}},"22":{"name":"(anonymous_22)","line":277,"loc":{"start":{"line":277,"column":22},"end":{"line":277,"column":39}}},"23":{"name":"(anonymous_23)","line":281,"loc":{"start":{"line":281,"column":47},"end":{"line":281,"column":67}}},"24":{"name":"(anonymous_24)","line":307,"loc":{"start":{"line":307,"column":29},"end":{"line":307,"column":52}}},"25":{"name":"(anonymous_25)","line":316,"loc":{"start":{"line":316,"column":18},"end":{"line":316,"column":29}}},"26":{"name":"(anonymous_26)","line":425,"loc":{"start":{"line":425,"column":37},"end":{"line":425,"column":60}}},"27":{"name":"(anonymous_27)","line":433,"loc":{"start":{"line":433,"column":18},"end":{"line":433,"column":29}}},"28":{"name":"(anonymous_28)","line":527,"loc":{"start":{"line":527,"column":21},"end":{"line":527,"column":39}}},"29":{"name":"(anonymous_29)","line":531,"loc":{"start":{"line":531,"column":58},"end":{"line":531,"column":77}}},"30":{"name":"(anonymous_30)","line":546,"loc":{"start":{"line":546,"column":27},"end":{"line":546,"column":52}}},"31":{"name":"(anonymous_31)","line":555,"loc":{"start":{"line":555,"column":18},"end":{"line":555,"column":44}}},"32":{"name":"(anonymous_32)","line":558,"loc":{"start":{"line":558,"column":31},"end":{"line":558,"column":44}}},"33":{"name":"(anonymous_33)","line":577,"loc":{"start":{"line":577,"column":17},"end":{"line":577,"column":36}}}},"statementMap":{"1":{"start":{"line":1,"column":0},"end":{"line":11,"column":39}},"2":{"start":{"line":13,"column":0},"end":{"line":20,"column":2}},"3":{"start":{"line":22,"column":0},"end":{"line":85,"column":2}},"4":{"start":{"line":23,"column":1},"end":{"line":23,"column":25}},"5":{"start":{"line":25,"column":1},"end":{"line":33,"column":2}},"6":{"start":{"line":26,"column":2},"end":{"line":32,"column":3}},"7":{"start":{"line":27,"column":3},"end":{"line":31,"column":4}},"8":{"start":{"line":28,"column":4},"end":{"line":28,"column":26}},"9":{"start":{"line":30,"column":4},"end":{"line":30,"column":21}},"10":{"start":{"line":35,"column":1},"end":{"line":35,"column":31}},"11":{"start":{"line":36,"column":1},"end":{"line":36,"column":28}},"12":{"start":{"line":38,"column":1},"end":{"line":38,"column":14}},"13":{"start":{"line":39,"column":1},"end":{"line":43,"column":2}},"14":{"start":{"line":40,"column":2},"end":{"line":42,"column":4}},"15":{"start":{"line":41,"column":3},"end":{"line":41,"column":21}},"16":{"start":{"line":44,"column":1},"end":{"line":47,"column":5}},"17":{"start":{"line":48,"column":1},"end":{"line":50,"column":5}},"18":{"start":{"line":51,"column":1},"end":{"line":51,"column":41}},"19":{"start":{"line":52,"column":1},"end":{"line":52,"column":54}},"20":{"start":{"line":55,"column":1},"end":{"line":55,"column":37}},"21":{"start":{"line":56,"column":1},"end":{"line":56,"column":46}},"22":{"start":{"line":58,"column":1},"end":{"line":80,"column":2}},"23":{"start":{"line":59,"column":2},"end":{"line":59,"column":44}},"24":{"start":{"line":60,"column":2},"end":{"line":65,"column":4}},"25":{"start":{"line":62,"column":3},"end":{"line":62,"column":52}},"26":{"start":{"line":63,"column":3},"end":{"line":63,"column":26}},"27":{"start":{"line":67,"column":2},"end":{"line":71,"column":3}},"28":{"start":{"line":68,"column":3},"end":{"line":68,"column":72}},"29":{"start":{"line":69,"column":3},"end":{"line":69,"column":59}},"30":{"start":{"line":70,"column":3},"end":{"line":70,"column":51}},"31":{"start":{"line":73,"column":2},"end":{"line":78,"column":5}},"32":{"start":{"line":74,"column":3},"end":{"line":76,"column":4}},"33":{"start":{"line":75,"column":4},"end":{"line":75,"column":27}},"34":{"start":{"line":77,"column":3},"end":{"line":77,"column":10}},"35":{"start":{"line":79,"column":2},"end":{"line":79,"column":68}},"36":{"start":{"line":82,"column":1},"end":{"line":82,"column":61}},"37":{"start":{"line":83,"column":1},"end":{"line":83,"column":24}},"38":{"start":{"line":84,"column":1},"end":{"line":84,"column":18}},"39":{"start":{"line":87,"column":0},"end":{"line":97,"column":2}},"40":{"start":{"line":88,"column":1},"end":{"line":95,"column":2}},"41":{"start":{"line":89,"column":2},"end":{"line":89,"column":19}},"42":{"start":{"line":90,"column":8},"end":{"line":95,"column":2}},"43":{"start":{"line":92,"column":2},"end":{"line":92,"column":63}},"44":{"start":{"line":94,"column":2},"end":{"line":94,"column":34}},"45":{"start":{"line":96,"column":1},"end":{"line":96,"column":18}},"46":{"start":{"line":99,"column":0},"end":{"line":125,"column":2}},"47":{"start":{"line":100,"column":1},"end":{"line":124,"column":2}},"48":{"start":{"line":101,"column":2},"end":{"line":101,"column":68}},"49":{"start":{"line":104,"column":2},"end":{"line":105,"column":70}},"50":{"start":{"line":106,"column":2},"end":{"line":109,"column":3}},"51":{"start":{"line":108,"column":3},"end":{"line":108,"column":47}},"52":{"start":{"line":110,"column":2},"end":{"line":110,"column":67}},"53":{"start":{"line":111,"column":2},"end":{"line":111,"column":65}},"54":{"start":{"line":112,"column":2},"end":{"line":112,"column":33}},"55":{"start":{"line":114,"column":2},"end":{"line":119,"column":5}},"56":{"start":{"line":115,"column":3},"end":{"line":118,"column":6}},"57":{"start":{"line":116,"column":4},"end":{"line":116,"column":30}},"58":{"start":{"line":117,"column":4},"end":{"line":117,"column":49}},"59":{"start":{"line":121,"column":2},"end":{"line":121,"column":53}},"60":{"start":{"line":123,"column":2},"end":{"line":123,"column":44}},"61":{"start":{"line":127,"column":0},"end":{"line":157,"column":2}},"62":{"start":{"line":128,"column":1},"end":{"line":134,"column":4}},"63":{"start":{"line":129,"column":2},"end":{"line":129,"column":19}},"64":{"start":{"line":130,"column":2},"end":{"line":130,"column":52}},"65":{"start":{"line":132,"column":2},"end":{"line":132,"column":59}},"66":{"start":{"line":133,"column":2},"end":{"line":133,"column":88}},"67":{"start":{"line":136,"column":1},"end":{"line":156,"column":4}},"68":{"start":{"line":137,"column":2},"end":{"line":137,"column":20}},"69":{"start":{"line":138,"column":2},"end":{"line":148,"column":3}},"70":{"start":{"line":139,"column":3},"end":{"line":139,"column":71}},"71":{"start":{"line":140,"column":3},"end":{"line":140,"column":23}},"72":{"start":{"line":141,"column":3},"end":{"line":141,"column":47}},"73":{"start":{"line":143,"column":3},"end":{"line":143,"column":51}},"74":{"start":{"line":144,"column":3},"end":{"line":144,"column":49}},"75":{"start":{"line":145,"column":3},"end":{"line":145,"column":45}},"76":{"start":{"line":146,"column":3},"end":{"line":146,"column":43}},"77":{"start":{"line":147,"column":3},"end":{"line":147,"column":51}},"78":{"start":{"line":150,"column":2},"end":{"line":150,"column":60}},"79":{"start":{"line":151,"column":2},"end":{"line":151,"column":64}},"80":{"start":{"line":152,"column":2},"end":{"line":152,"column":31}},"81":{"start":{"line":154,"column":2},"end":{"line":154,"column":59}},"82":{"start":{"line":155,"column":2},"end":{"line":155,"column":36}},"83":{"start":{"line":159,"column":0},"end":{"line":168,"column":2}},"84":{"start":{"line":160,"column":1},"end":{"line":160,"column":40}},"85":{"start":{"line":161,"column":1},"end":{"line":167,"column":4}},"86":{"start":{"line":162,"column":2},"end":{"line":162,"column":38}},"87":{"start":{"line":164,"column":2},"end":{"line":166,"column":5}},"88":{"start":{"line":165,"column":3},"end":{"line":165,"column":57}},"89":{"start":{"line":170,"column":0},"end":{"line":185,"column":2}},"90":{"start":{"line":172,"column":1},"end":{"line":172,"column":61}},"91":{"start":{"line":173,"column":1},"end":{"line":173,"column":36}},"92":{"start":{"line":174,"column":1},"end":{"line":174,"column":28}},"93":{"start":{"line":175,"column":1},"end":{"line":177,"column":2}},"94":{"start":{"line":176,"column":2},"end":{"line":176,"column":58}},"95":{"start":{"line":178,"column":1},"end":{"line":180,"column":2}},"96":{"start":{"line":179,"column":2},"end":{"line":179,"column":79}},"97":{"start":{"line":182,"column":1},"end":{"line":182,"column":27}},"98":{"start":{"line":183,"column":1},"end":{"line":183,"column":23}},"99":{"start":{"line":184,"column":1},"end":{"line":184,"column":17}},"100":{"start":{"line":188,"column":0},"end":{"line":195,"column":2}},"101":{"start":{"line":190,"column":1},"end":{"line":192,"column":2}},"102":{"start":{"line":191,"column":2},"end":{"line":191,"column":85}},"103":{"start":{"line":194,"column":1},"end":{"line":194,"column":13}},"104":{"start":{"line":197,"column":0},"end":{"line":226,"column":2}},"105":{"start":{"line":198,"column":1},"end":{"line":198,"column":39}},"106":{"start":{"line":200,"column":1},"end":{"line":223,"column":4}},"107":{"start":{"line":201,"column":2},"end":{"line":201,"column":17}},"108":{"start":{"line":203,"column":2},"end":{"line":211,"column":3}},"109":{"start":{"line":204,"column":3},"end":{"line":204,"column":25}},"110":{"start":{"line":205,"column":3},"end":{"line":205,"column":29}},"111":{"start":{"line":209,"column":3},"end":{"line":209,"column":15}},"112":{"start":{"line":210,"column":3},"end":{"line":210,"column":19}},"113":{"start":{"line":213,"column":2},"end":{"line":221,"column":3}},"114":{"start":{"line":215,"column":3},"end":{"line":215,"column":88}},"115":{"start":{"line":216,"column":3},"end":{"line":216,"column":55}},"116":{"start":{"line":220,"column":3},"end":{"line":220,"column":90}},"117":{"start":{"line":225,"column":1},"end":{"line":225,"column":13}},"118":{"start":{"line":228,"column":0},"end":{"line":304,"column":2}},"119":{"start":{"line":229,"column":1},"end":{"line":229,"column":31}},"120":{"start":{"line":231,"column":1},"end":{"line":231,"column":83}},"121":{"start":{"line":233,"column":1},"end":{"line":303,"column":21}},"122":{"start":{"line":235,"column":2},"end":{"line":241,"column":3}},"123":{"start":{"line":238,"column":3},"end":{"line":238,"column":65}},"124":{"start":{"line":239,"column":3},"end":{"line":239,"column":32}},"125":{"start":{"line":240,"column":3},"end":{"line":240,"column":10}},"126":{"start":{"line":242,"column":2},"end":{"line":251,"column":3}},"127":{"start":{"line":243,"column":3},"end":{"line":243,"column":30}},"128":{"start":{"line":244,"column":3},"end":{"line":244,"column":38}},"129":{"start":{"line":245,"column":3},"end":{"line":245,"column":44}},"130":{"start":{"line":246,"column":3},"end":{"line":246,"column":81}},"131":{"start":{"line":247,"column":3},"end":{"line":250,"column":4}},"132":{"start":{"line":248,"column":4},"end":{"line":248,"column":111}},"133":{"start":{"line":249,"column":4},"end":{"line":249,"column":48}},"134":{"start":{"line":253,"column":2},"end":{"line":255,"column":3}},"135":{"start":{"line":254,"column":3},"end":{"line":254,"column":52}},"136":{"start":{"line":257,"column":2},"end":{"line":260,"column":3}},"137":{"start":{"line":258,"column":3},"end":{"line":258,"column":37}},"138":{"start":{"line":259,"column":3},"end":{"line":259,"column":30}},"139":{"start":{"line":262,"column":2},"end":{"line":264,"column":3}},"140":{"start":{"line":263,"column":3},"end":{"line":263,"column":31}},"141":{"start":{"line":266,"column":2},"end":{"line":271,"column":3}},"142":{"start":{"line":267,"column":3},"end":{"line":267,"column":42}},"143":{"start":{"line":268,"column":3},"end":{"line":268,"column":71}},"144":{"start":{"line":269,"column":3},"end":{"line":269,"column":29}},"145":{"start":{"line":270,"column":3},"end":{"line":270,"column":10}},"146":{"start":{"line":273,"column":2},"end":{"line":273,"column":74}},"147":{"start":{"line":274,"column":2},"end":{"line":275,"column":22}},"148":{"start":{"line":277,"column":2},"end":{"line":302,"column":5}},"149":{"start":{"line":278,"column":3},"end":{"line":301,"column":4}},"150":{"start":{"line":279,"column":4},"end":{"line":298,"column":5}},"151":{"start":{"line":280,"column":5},"end":{"line":280,"column":53}},"152":{"start":{"line":281,"column":5},"end":{"line":295,"column":8}},"153":{"start":{"line":282,"column":6},"end":{"line":282,"column":29}},"154":{"start":{"line":282,"column":17},"end":{"line":282,"column":27}},"155":{"start":{"line":284,"column":6},"end":{"line":286,"column":7}},"156":{"start":{"line":285,"column":7},"end":{"line":285,"column":63}},"157":{"start":{"line":288,"column":6},"end":{"line":290,"column":7}},"158":{"start":{"line":289,"column":7},"end":{"line":289,"column":48}},"159":{"start":{"line":292,"column":6},"end":{"line":292,"column":42}},"160":{"start":{"line":294,"column":6},"end":{"line":294,"column":55}},"161":{"start":{"line":297,"column":5},"end":{"line":297,"column":131}},"162":{"start":{"line":300,"column":4},"end":{"line":300,"column":40}},"163":{"start":{"line":307,"column":0},"end":{"line":422,"column":2}},"164":{"start":{"line":308,"column":1},"end":{"line":309,"column":55}},"165":{"start":{"line":311,"column":1},"end":{"line":311,"column":31}},"166":{"start":{"line":312,"column":1},"end":{"line":314,"column":2}},"167":{"start":{"line":313,"column":2},"end":{"line":313,"column":24}},"168":{"start":{"line":316,"column":1},"end":{"line":401,"column":4}},"169":{"start":{"line":317,"column":2},"end":{"line":317,"column":26}},"170":{"start":{"line":318,"column":2},"end":{"line":319,"column":19}},"171":{"start":{"line":321,"column":2},"end":{"line":338,"column":3}},"172":{"start":{"line":323,"column":3},"end":{"line":327,"column":5}},"173":{"start":{"line":329,"column":3},"end":{"line":333,"column":4}},"174":{"start":{"line":330,"column":4},"end":{"line":330,"column":33}},"175":{"start":{"line":331,"column":10},"end":{"line":333,"column":4}},"176":{"start":{"line":332,"column":4},"end":{"line":332,"column":35}},"177":{"start":{"line":337,"column":3},"end":{"line":337,"column":20}},"178":{"start":{"line":340,"column":2},"end":{"line":343,"column":3}},"179":{"start":{"line":342,"column":3},"end":{"line":342,"column":42}},"180":{"start":{"line":346,"column":2},"end":{"line":352,"column":3}},"181":{"start":{"line":351,"column":3},"end":{"line":351,"column":10}},"182":{"start":{"line":354,"column":2},"end":{"line":369,"column":3}},"183":{"start":{"line":356,"column":3},"end":{"line":367,"column":4}},"184":{"start":{"line":357,"column":4},"end":{"line":357,"column":75}},"185":{"start":{"line":358,"column":10},"end":{"line":367,"column":4}},"186":{"start":{"line":359,"column":4},"end":{"line":359,"column":75}},"187":{"start":{"line":360,"column":10},"end":{"line":367,"column":4}},"188":{"start":{"line":361,"column":4},"end":{"line":366,"column":5}},"189":{"start":{"line":362,"column":5},"end":{"line":365,"column":6}},"190":{"start":{"line":363,"column":6},"end":{"line":363,"column":60}},"191":{"start":{"line":364,"column":6},"end":{"line":364,"column":12}},"192":{"start":{"line":371,"column":2},"end":{"line":396,"column":3}},"193":{"start":{"line":373,"column":3},"end":{"line":395,"column":4}},"194":{"start":{"line":374,"column":4},"end":{"line":374,"column":59}},"195":{"start":{"line":375,"column":4},"end":{"line":388,"column":5}},"196":{"start":{"line":376,"column":5},"end":{"line":376,"column":31}},"197":{"start":{"line":378,"column":5},"end":{"line":381,"column":6}},"198":{"start":{"line":380,"column":6},"end":{"line":380,"column":44}},"199":{"start":{"line":383,"column":5},"end":{"line":383,"column":67}},"200":{"start":{"line":384,"column":5},"end":{"line":387,"column":6}},"201":{"start":{"line":386,"column":6},"end":{"line":386,"column":61}},"202":{"start":{"line":391,"column":4},"end":{"line":391,"column":64}},"203":{"start":{"line":392,"column":4},"end":{"line":394,"column":5}},"204":{"start":{"line":393,"column":5},"end":{"line":393,"column":56}},"205":{"start":{"line":398,"column":2},"end":{"line":400,"column":3}},"206":{"start":{"line":399,"column":3},"end":{"line":399,"column":77}},"207":{"start":{"line":403,"column":1},"end":{"line":405,"column":2}},"208":{"start":{"line":404,"column":2},"end":{"line":404,"column":9}},"209":{"start":{"line":407,"column":1},"end":{"line":412,"column":2}},"210":{"start":{"line":408,"column":2},"end":{"line":408,"column":63}},"211":{"start":{"line":409,"column":2},"end":{"line":411,"column":3}},"212":{"start":{"line":410,"column":3},"end":{"line":410,"column":10}},"213":{"start":{"line":414,"column":1},"end":{"line":421,"column":2}},"214":{"start":{"line":415,"column":2},"end":{"line":415,"column":46}},"215":{"start":{"line":416,"column":2},"end":{"line":416,"column":41}},"216":{"start":{"line":417,"column":2},"end":{"line":419,"column":3}},"217":{"start":{"line":418,"column":3},"end":{"line":418,"column":50}},"218":{"start":{"line":420,"column":2},"end":{"line":420,"column":80}},"219":{"start":{"line":425,"column":0},"end":{"line":523,"column":2}},"220":{"start":{"line":426,"column":1},"end":{"line":426,"column":22}},"221":{"start":{"line":428,"column":1},"end":{"line":428,"column":39}},"222":{"start":{"line":429,"column":1},"end":{"line":431,"column":2}},"223":{"start":{"line":430,"column":2},"end":{"line":430,"column":24}},"224":{"start":{"line":433,"column":1},"end":{"line":522,"column":4}},"225":{"start":{"line":434,"column":2},"end":{"line":434,"column":26}},"226":{"start":{"line":435,"column":2},"end":{"line":436,"column":19}},"227":{"start":{"line":438,"column":2},"end":{"line":456,"column":3}},"228":{"start":{"line":440,"column":3},"end":{"line":445,"column":5}},"229":{"start":{"line":447,"column":3},"end":{"line":451,"column":4}},"230":{"start":{"line":448,"column":4},"end":{"line":448,"column":33}},"231":{"start":{"line":449,"column":10},"end":{"line":451,"column":4}},"232":{"start":{"line":450,"column":4},"end":{"line":450,"column":35}},"233":{"start":{"line":455,"column":3},"end":{"line":455,"column":20}},"234":{"start":{"line":458,"column":2},"end":{"line":461,"column":3}},"235":{"start":{"line":460,"column":3},"end":{"line":460,"column":42}},"236":{"start":{"line":464,"column":2},"end":{"line":471,"column":3}},"237":{"start":{"line":469,"column":3},"end":{"line":469,"column":131}},"238":{"start":{"line":470,"column":3},"end":{"line":470,"column":10}},"239":{"start":{"line":473,"column":2},"end":{"line":487,"column":3}},"240":{"start":{"line":474,"column":3},"end":{"line":485,"column":4}},"241":{"start":{"line":475,"column":4},"end":{"line":475,"column":75}},"242":{"start":{"line":476,"column":10},"end":{"line":485,"column":4}},"243":{"start":{"line":477,"column":4},"end":{"line":477,"column":75}},"244":{"start":{"line":478,"column":10},"end":{"line":485,"column":4}},"245":{"start":{"line":479,"column":4},"end":{"line":484,"column":5}},"246":{"start":{"line":480,"column":5},"end":{"line":483,"column":6}},"247":{"start":{"line":481,"column":6},"end":{"line":481,"column":60}},"248":{"start":{"line":482,"column":6},"end":{"line":482,"column":12}},"249":{"start":{"line":489,"column":2},"end":{"line":513,"column":3}},"250":{"start":{"line":490,"column":3},"end":{"line":512,"column":4}},"251":{"start":{"line":491,"column":4},"end":{"line":491,"column":59}},"252":{"start":{"line":492,"column":4},"end":{"line":505,"column":5}},"253":{"start":{"line":493,"column":5},"end":{"line":493,"column":31}},"254":{"start":{"line":495,"column":5},"end":{"line":498,"column":6}},"255":{"start":{"line":497,"column":6},"end":{"line":497,"column":44}},"256":{"start":{"line":500,"column":5},"end":{"line":500,"column":67}},"257":{"start":{"line":501,"column":5},"end":{"line":504,"column":6}},"258":{"start":{"line":503,"column":6},"end":{"line":503,"column":61}},"259":{"start":{"line":508,"column":4},"end":{"line":508,"column":64}},"260":{"start":{"line":509,"column":4},"end":{"line":511,"column":5}},"261":{"start":{"line":510,"column":5},"end":{"line":510,"column":56}},"262":{"start":{"line":515,"column":2},"end":{"line":521,"column":3}},"263":{"start":{"line":516,"column":3},"end":{"line":516,"column":41}},"264":{"start":{"line":517,"column":3},"end":{"line":517,"column":44}},"265":{"start":{"line":520,"column":3},"end":{"line":520,"column":80}},"266":{"start":{"line":527,"column":0},"end":{"line":543,"column":2}},"267":{"start":{"line":528,"column":1},"end":{"line":529,"column":66}},"268":{"start":{"line":531,"column":1},"end":{"line":533,"column":4}},"269":{"start":{"line":532,"column":2},"end":{"line":532,"column":44}},"270":{"start":{"line":534,"column":1},"end":{"line":535,"column":39}},"271":{"start":{"line":536,"column":1},"end":{"line":542,"column":2}},"272":{"start":{"line":537,"column":2},"end":{"line":537,"column":41}},"273":{"start":{"line":538,"column":2},"end":{"line":540,"column":3}},"274":{"start":{"line":539,"column":3},"end":{"line":539,"column":52}},"275":{"start":{"line":541,"column":2},"end":{"line":541,"column":64}},"276":{"start":{"line":546,"column":0},"end":{"line":553,"column":2}},"277":{"start":{"line":547,"column":1},"end":{"line":547,"column":65}},"278":{"start":{"line":548,"column":1},"end":{"line":548,"column":77}},"279":{"start":{"line":549,"column":1},"end":{"line":549,"column":73}},"280":{"start":{"line":550,"column":1},"end":{"line":550,"column":60}},"281":{"start":{"line":552,"column":1},"end":{"line":552,"column":8}},"282":{"start":{"line":555,"column":0},"end":{"line":575,"column":2}},"283":{"start":{"line":556,"column":1},"end":{"line":556,"column":33}},"284":{"start":{"line":557,"column":1},"end":{"line":557,"column":28}},"285":{"start":{"line":558,"column":1},"end":{"line":565,"column":4}},"286":{"start":{"line":559,"column":2},"end":{"line":564,"column":3}},"287":{"start":{"line":560,"column":3},"end":{"line":560,"column":65}},"288":{"start":{"line":561,"column":3},"end":{"line":561,"column":57}},"289":{"start":{"line":563,"column":3},"end":{"line":563,"column":29}},"290":{"start":{"line":566,"column":1},"end":{"line":566,"column":39}},"291":{"start":{"line":568,"column":1},"end":{"line":570,"column":2}},"292":{"start":{"line":569,"column":2},"end":{"line":569,"column":105}},"293":{"start":{"line":572,"column":1},"end":{"line":572,"column":70}},"294":{"start":{"line":573,"column":1},"end":{"line":573,"column":56}},"295":{"start":{"line":574,"column":1},"end":{"line":574,"column":18}},"296":{"start":{"line":577,"column":0},"end":{"line":583,"column":2}},"297":{"start":{"line":578,"column":1},"end":{"line":581,"column":2}},"298":{"start":{"line":579,"column":2},"end":{"line":579,"column":41}},"299":{"start":{"line":580,"column":2},"end":{"line":580,"column":44}},"300":{"start":{"line":582,"column":1},"end":{"line":582,"column":18}},"301":{"start":{"line":586,"column":0},"end":{"line":586,"column":46}},"302":{"start":{"line":587,"column":0},"end":{"line":587,"column":32}},"303":{"start":{"line":588,"column":0},"end":{"line":588,"column":48}},"304":{"start":{"line":589,"column":0},"end":{"line":589,"column":30}},"305":{"start":{"line":590,"column":0},"end":{"line":590,"column":44}}},"branchMap":{"1":{"line":23,"type":"binary-expr","locations":[{"start":{"line":23,"column":11},"end":{"line":23,"column":18}},{"start":{"line":23,"column":22},"end":{"line":23,"column":24}}]},"2":{"line":26,"type":"if","locations":[{"start":{"line":26,"column":2},"end":{"line":26,"column":2}},{"start":{"line":26,"column":2},"end":{"line":26,"column":2}}]},"3":{"line":27,"type":"if","locations":[{"start":{"line":27,"column":3},"end":{"line":27,"column":3}},{"start":{"line":27,"column":3},"end":{"line":27,"column":3}}]},"4":{"line":39,"type":"if","locations":[{"start":{"line":39,"column":1},"end":{"line":39,"column":1}},{"start":{"line":39,"column":1},"end":{"line":39,"column":1}}]},"5":{"line":58,"type":"if","locations":[{"start":{"line":58,"column":1},"end":{"line":58,"column":1}},{"start":{"line":58,"column":1},"end":{"line":58,"column":1}}]},"6":{"line":67,"type":"if","locations":[{"start":{"line":67,"column":2},"end":{"line":67,"column":2}},{"start":{"line":67,"column":2},"end":{"line":67,"column":2}}]},"7":{"line":74,"type":"if","loc
[...]
ON.stringify(req.body));","\t\t\tnewRoute = req.body;","\t\t\tnewRoute.verb = newRoute.verb.toLowerCase();","\t\t} else {","\t\t\tnewRoute.verb = req.param('verb').toLowerCase();","\t\t\tnewRoute.serviceUrl = req.param('serviceUrl');","\t\t\tnewRoute.mockFile = req.param('mockFile');","\t\t\tnewRoute.latency = req.param('latency');","\t\t\tnewRoute.contentType = req.param('contentType');","\t\t}","\t\t// also need to save in our webServices object.","\t\tdelete apiMocker.options.webServices[newRoute.serviceUrl];","\t\tapiMocker.options.webServices[newRoute.serviceUrl] = newRoute;","\t\tapiMocker.setRoute(newRoute);","","\t\tres.writeHead(200, {'Content-Type': 'application/json'});","\t\tres.end(JSON.stringify(newRoute));","\t});","};","","apiMocker.setRoutes = function(webServices) {","\tvar topLevelKeys = _.keys(webServices);","\t_.each(topLevelKeys, function(key) {","\t\tvar svc = _.clone(webServices[key]);","\t\t// apiMocker.log('about to add a new service: ' + JSON.stringify(svc));","\t\t_.each(svc.verbs, function(v) {","\t\t\tapiMocker.setRoute(apiMocker.getServiceRoute(key, v));","\t\t});","\t});","};","","apiMocker.getServiceRoute = function(path, verb) {","","\tvar finalSvc = _.clone(apiMocker.options.webServices[path]);","\tfinalSvc.verb = verb.toLowerCase();","\tfinalSvc.serviceUrl = path;","\tif (finalSvc.responses) {","\t\tfinalSvc = _.extend(finalSvc, finalSvc.responses[verb]);","\t}","\tif (typeof finalSvc.latency === 'undefined') {","\t\tfinalSvc.latency = apiMocker.options.latency ? apiMocker.options.latency : 0;","\t}","","\tdelete finalSvc.responses;","\tdelete finalSvc.verbs;","\treturn finalSvc;","};","","// Fills in templated Values.","apiMocker.fillTemplate = function(data, req){","","\tfor(var templateString in req.params){","\t\tdata = data.replace(new RegExp('@'+templateString,'g'), req.param(templateString));","\t}","","\treturn data;","};","","apiMocker.fillTemplateSwitch = function(options, data){","\tvar switches = options.templateSwitch;","","\tswitches.forEach(function(s){","\t\tvar key, value;","","\t\tif (!(s instanceof Object)) {","\t\t\tkey = switches[s].key;","\t\t\tvalue = switches[s].value;","\t\t}","\t\telse","\t\t{","\t\t\tkey = s.key;","\t\t\tvalue = s.value;","\t\t}","","\t\tif(typeof value !== null)","\t\t{","\t\t\tapiMocker.log('fillTemplateSwitch -> search for @' + key + ' replace with ' + value);","\t\t\tdata = data.replace(new RegExp('@'+key,'g'), value);","\t\t}","\t\telse","\t\t{","\t\t\tapiMocker.log('fillTemplateSwitch -> skipping search for @' + key + ' with no value.');","\t\t}","","\t});","","\treturn data;","};","","apiMocker.sendResponse = function(req, res, serviceKeys) {","\tvar originalOptions, mockPath;","\t// we want to look up the service info from our in-memory 'webServices' every time.","\tvar options = apiMocker.getServiceRoute(serviceKeys.serviceUrl, serviceKeys.verb);","","\tsetTimeout(function() {","","\t\tif (options.httpStatus === 204 || options.httpStatus === 304) {","\t\t\t// express handles these two differently - it strips out body, content-type, and content-length headers.","\t\t\t// there's no body or content-length, so we just send the status code.","\t\t\tapiMocker.log('Returning http status: ' + options.httpStatus);","\t\t\tres.send(options.httpStatus);","\t\t\treturn;","\t\t}","\t\tif (options.switch) {","\t\t\toptions = _.clone(options);","\t\t\toriginalOptions = _.clone(options);","\t\t\tapiMocker.setSwitchOptions(options, req);","\t\t\tmockPath = path.join(apiMocker.options.mockDirectory, options.mockFile || '');","\t\t\tif (!fs.existsSync(mockPath)) {","\t\t\t\tapiMocker.log('No file found: ' + options.mockFile + ' attempting base file: ' + originalOptions.mockFile);","\t\t\t\toptions.mockFile = originalOptions.mockFile;","\t\t\t}","\t\t}","","\t\tif (options.templateSwitch) {","\t\t\tapiMocker.setTemplateSwitchOptions(options, req);","\t\t}","","\t\tif(apiMocker.options.logRequestHeaders) {","\t\t\tapiMocker.log('Request headers:');","\t\t\tapiMocker.log(req.headers);","\t\t}","","\t\tif (options.headers) {","\t\t\tres.header(options.headers);","\t\t}","","\t\tif (!options.mockFile) {","\t\t\tvar status = options.httpStatus || 404;","\t\t\tapiMocker.log('No mockFile found.  Returning httpStatus: ', status);","\t\t\tres.status(status).send();","\t\t\treturn;","\t\t}","","\t\tmockPath = path.join(apiMocker.options.mockDirectory, options.mockFile);","\t\tapiMocker.log('Returning mock: ' + options.verb.toUpperCase() + ' ' + options.serviceUrl + ' : ' +","\t\t\t\toptions.mockFile);","","\t\tfs.exists(mockPath, function(exists) {","\t\t\tif (exists) {","\t\t\t\tif (options.contentType) {","\t\t\t\t\tres.header('Content-Type', options.contentType);","\t\t\t\t\tfs.readFile(mockPath, {encoding: 'utf8'}, function(err, data) {","\t\t\t\t\t\tif (err) { throw err; }","","\t\t\t\t\t\tif(options.templateSwitch){","\t\t\t\t\t\t\tdata = apiMocker.fillTemplateSwitch(options, data, req);","\t\t\t\t\t\t}","","\t\t\t\t\t\tif(options.enableTemplate === true){","\t\t\t\t\t\t\tdata = apiMocker.fillTemplate(data, req);","\t\t\t\t\t\t}","","\t\t\t\t\t\tvar buff = new Buffer(data, 'utf8');","","\t\t\t\t\t\tres.status(options.httpStatus || 200).send(buff);","\t\t\t\t\t});","\t\t\t\t} else {","\t\t\t\t\tres.status(options.httpStatus || 200).sendfile(encodeURIComponent(options.mockFile), {root: apiMocker.options.mockDirectory});","\t\t\t\t}","\t\t\t} else {","\t\t\t\tres.send(options.httpStatus || 404);","\t\t\t}","\t\t});","\t}, options.latency);","};","","// only used when there is a switch configured","apiMocker.setSwitchOptions = function(options, req) {","\tvar switchFilePrefix = '', switchParamValue,","\t\tmockFileParts, mockFilePrefix = '', mockFileBaseName;","","\tvar switches = options.switch;","\tif(!(switches instanceof Array)){","\t\tswitches = [switches];","\t}","","\tswitches.forEach(function(s){","\t\tswitchParamValue = null;","\t\tvar switchObject = s,","\t\t\tspecific = true;","","\t\tif (!(s instanceof Object)) {","\t\t\t// The user didn't configure a switch object. Make one.","\t\t\tswitchObject = {","\t\t\t\tkey: s,","\t\t\t\tswitch: s,","\t\t\t\ttype: 'default'","\t\t\t};","","\t\t\tif (s.match(/\\/(.+)\\//)) {","\t\t\t\tswitchObject.type = 'regexp';","\t\t\t} else if (s.indexOf('$') === 0) {","\t\t\t\tswitchObject.type = 'jsonpath';","\t\t\t}","","\t\t\t// As we had no switch object, we have to test default-type first to","\t\t\t// mimic the old behaviour.","\t\t\tspecific = false;","\t\t}","","\t\tif (!switchObject.hasOwnProperty('key')) {","\t\t\t// Add key if the user was too lazy","\t\t\tswitchObject.key = switchObject.switch;","\t\t}","","\t\t// Sanity check the switchobject","\t\tif (","\t\t\t!switchObject.hasOwnProperty('switch') ||","\t\t\t!switchObject.hasOwnProperty('type') ||","\t\t\t!switchObject.hasOwnProperty('key')","\t\t) {","\t\t\treturn;","\t\t}","","\t\tif (!specific || switchObject.type === 'default') {","","\t\t\tif (req.body[switchObject.switch]) { // json post request","\t\t\t\tswitchParamValue = encodeURIComponent( req.body[switchObject.switch] );","\t\t\t} else if (req.param(switchObject.switch)) { // query param in get request","\t\t\t\tswitchParamValue = encodeURIComponent( req.param(switchObject.switch));","\t\t\t} else if (req.headers) { // check for switch in header param","\t\t\t\tfor (var h in req.headers) {","\t\t\t\t\tif (req.headers.hasOwnProperty(h) && h.toLowerCase() === switchObject.switch.toLowerCase()) {","\t\t\t\t\t\tswitchParamValue = encodeURIComponent(req.headers[h]);","\t\t\t\t\t\tbreak;","\t\t\t\t\t}","\t\t\t\t}","\t\t\t}","","\t\t}","","\t\tif (!switchParamValue) {","","\t\t\tif (switchObject.type === 'regexp') {","\t\t\t\tvar regexpTest = switchObject.switch.match(/\\/(.+)\\//);","\t\t\t\tif (regexpTest) { // A regexp switch","\t\t\t\t\tvar searchBody = req.body;","","\t\t\t\t\tif (typeof(req.body) !== 'string') {","\t\t\t\t\t\t// We don't have a body string, parse it in JSON","\t\t\t\t\t\tsearchBody = JSON.stringify(req.body);","\t\t\t\t\t}","","\t\t\t\t\tvar regexpSwitch = new RegExp(regexpTest[1]).exec(searchBody);","\t\t\t\t\tif (regexpSwitch) {","\t\t\t\t\t\t// Value is the first group","\t\t\t\t\t\tswitchParamValue = encodeURIComponent(regexpSwitch[1]);","\t\t\t\t\t}","\t\t\t\t}","\t\t\t} else {","\t\t\t\t//use JsonPath - use first value found if multiple occurances exist","\t\t\t\tvar allElems = jsonPath.eval(req.body, switchObject.switch);\t// jshint ignore:line","\t\t\t\tif (allElems.length > 0) {","\t\t\t\t\tswitchParamValue = encodeURIComponent(allElems[0]);","\t\t\t\t}","\t\t\t}","\t\t}","","\t\tif (switchParamValue) {","\t\t\tswitchFilePrefix = switchFilePrefix + switchObject.key + switchParamValue;","\t\t}","\t});","","\tif(!switchFilePrefix){","\t\treturn;","\t}","","\tif (options.switchResponses && options.switchResponses[switchFilePrefix]) {","\t\t_.extend(options, options.switchResponses[switchFilePrefix]);","\t\tif (options.switchResponses[switchFilePrefix].mockFile) {","\t\t\treturn;","\t\t}","\t}","","\tif (options.mockFile) {","\t\tmockFileParts = options.mockFile.split('/');","\t\tmockFileBaseName = mockFileParts.pop();","\t\tif (mockFileParts.length > 0) {","\t\t\tmockFilePrefix = mockFileParts.join('/') + '/';","\t\t}","\t\toptions.mockFile = mockFilePrefix + switchFilePrefix + '.' + mockFileBaseName;","\t}","};","","// only used when there is a templateSwitch configured","apiMocker.setTemplateSwitchOptions = function(options, req) {","\tvar switchParamValue;","","\tvar switches = options.templateSwitch;","\tif(!(switches instanceof Array)){","\t\tswitches = [switches];","\t}","","\tswitches.forEach(function(s){","\t\tswitchParamValue = null;","\t\tvar switchObject = s,","\t\t\tspecific = true;","","\t\tif (!(s instanceof Object)) {","\t\t\t// The user didn't configure a switch object. Make one.","\t\t\tswitchObject = {","\t\t\t\tkey: s,","\t\t\t\tswitch: s,","\t\t\t\ttype: 'default',","\t\t\t\tvalue: null","\t\t\t};","","\t\t\tif (s.match(/\\/(.+)\\//)) {","\t\t\t\tswitchObject.type = 'regexp';","\t\t\t} else if (s.indexOf('$') === 0) {","\t\t\t\tswitchObject.type = 'jsonpath';","\t\t\t}","","\t\t\t// As we had no switch object, we have to test default-type first to","\t\t\t// mimic the old behaviour.","\t\t\tspecific = false;","\t\t}","","\t\tif (!switchObject.hasOwnProperty('key')) {","\t\t\t// Add key if the user was too lazy","\t\t\tswitchObject.key = switchObject.switch;","\t\t}","","\t\t// Sanity check the switchobject","\t\tif (","\t\t\t!switchObject.hasOwnProperty('switch') ||","\t\t\t!switchObject.hasOwnProperty('type') ||","\t\t\t!switchObject.hasOwnProperty('key')","\t\t\t) {","\t\t\tapiMocker.log('templateSwitch invalid config: missing switch, type or key property. Aborting templateSwitch for this request.');","\t\t\treturn;","\t\t}","","\t\tif (!specific || switchObject.type === 'default') {","\t\t\tif (req.body[switchObject.switch]) { // json post request","\t\t\t\tswitchParamValue = encodeURIComponent( req.body[switchObject.switch] );","\t\t\t} else if (req.param(switchObject.switch)) { // query param in get request","\t\t\t\tswitchParamValue = encodeURIComponent( req.param(switchObject.switch));","\t\t\t} else if (req.headers) { // check for switch in header param","\t\t\t\tfor (var h in req.headers) {","\t\t\t\t\tif (req.headers.hasOwnProperty(h) && h.toLowerCase() === switchObject.switch.toLowerCase()) {","\t\t\t\t\t\tswitchParamValue = encodeURIComponent(req.headers[h]);","\t\t\t\t\t\tbreak;","\t\t\t\t\t}","\t\t\t\t}","\t\t\t}","","\t\t}","","\t\tif (!switchParamValue) {","\t\t\tif (switchObject.type === 'regexp') {","\t\t\t\tvar regexpTest = switchObject.switch.match(/\\/(.+)\\//);","\t\t\t\tif (regexpTest) { // A regexp switch","\t\t\t\t\tvar searchBody = req.body;","","\t\t\t\t\tif (typeof(req.body) !== 'string') {","\t\t\t\t\t\t// We don't have a body string, parse it in JSON","\t\t\t\t\t\tsearchBody = JSON.stringify(req.body);","\t\t\t\t\t}","","\t\t\t\t\tvar regexpSwitch = new RegExp(regexpTest[1]).exec(searchBody);","\t\t\t\t\tif (regexpSwitch) {","\t\t\t\t\t\t// Value is the first group","\t\t\t\t\t\tswitchParamValue = encodeURIComponent(regexpSwitch[1]);","\t\t\t\t\t}","\t\t\t\t}","\t\t\t} else {","\t\t\t\t//use JsonPath - use first value found if multiple occurances exist","\t\t\t\tvar allElems = jsonPath.eval(req.body, switchObject.switch);\t// jshint ignore:line","\t\t\t\tif (allElems.length > 0) {","\t\t\t\t\tswitchParamValue = encodeURIComponent(allElems[0]);","\t\t\t\t}","\t\t\t}","\t\t}","","\t\tif (switchParamValue) {","\t\t\tswitchObject.value = switchParamValue;","\t\t\toptions.templateSwitch[s] = switchObject;","\t\t}","\t\telse {","\t\t\tapiMocker.log('templateSwitch[' + switchObject.switch + '] value NOT FOUND');","\t\t}","\t});","};","","","// Sets the route for express, in case it was not set yet.","apiMocker.setRoute = function(options) {","\tvar displayFile = options.mockFile || '<no mockFile>',","\t\tdisplayLatency = options.latency ? options.latency + ' ms' : '';","","\tapiMocker.router[options.verb]('/' + options.serviceUrl, function(req, res) {","\t\tapiMocker.sendResponse(req, res, options);","\t});","\tapiMocker.log('Set route: ' + options.verb.toUpperCase() + ' ' + options.serviceUrl + ' : ' +","\t\t\tdisplayFile + ' ' + displayLatency);","\tif (options.switch) {","\t\tvar switchDescription = options.switch;","\t\tif (options.switch instanceof Array || options.switch instanceof Object) {","\t\t\tswitchDescription = util.inspect(options.switch);","\t\t}","\t\tapiMocker.log('\t with switch on param: ' + switchDescription);","\t}","};","","// CORS middleware","apiMocker.corsMiddleware = function(req, res, next) {","\tvar allowedHeaders = apiMocker.options.allowedHeaders.join(',');","\tres.header('Access-Control-Allow-Origin', apiMocker.options.allowedDomains);","\tres.header('Access-Control-Allow-Methods', 'GET,PUT,POST,PATCH,DELETE');","\tres.header('Access-Control-Allow-Headers', allowedHeaders);","","\tnext();","};","","apiMocker.start = function (port, callback) {","\tapiMocker.createAdminServices();","\tapiMocker.loadConfigFile();","\tapiMocker.middlewares.forEach(function(mw) {","\t\tif (mw === apiMocker.router && apiMocker.options.basepath) {","\t\t\tapiMocker.log('Using basepath: ', apiMocker.options.basepath);","\t\t\tapiMocker.express.use(apiMocker.options.basepath, mw);","\t\t} else {","\t\t\tapiMocker.express.use(mw);","\t\t}","\t});","\tport = port || apiMocker.options.port;","\t// console.log(JSON.stringify(apiMocker.options));","\tif (apiMocker.options.staticDirectory && apiMocker.options.staticPath) {","\t\tapiMocker.express.use(apiMocker.options.staticPath, express.static(apiMocker.options.staticDirectory));","\t}","","\tapiMocker.expressInstance = apiMocker.express.listen(port, callback);","\tapiMocker.log('Mock server listening on port ' + port);","\treturn apiMocker;","};","","apiMocker.stop = function(callback) {","\tif (apiMocker.expressInstance) {","\t\tapiMocker.log('Stopping mock server.');","\t\tapiMocker.expressInstance.close(callback);","\t}","\treturn apiMocker;","};","","// expose all the 'public' methods.","exports.createServer = apiMocker.createServer;","exports.start = apiMocker.start;","exports.setConfigFile = apiMocker.setConfigFile;","exports.stop = apiMocker.stop;","exports.middlewares = apiMocker.middlewares;",""],"l":{"1":1,"13":1,"22":1,"23":0,"25":1,"26":0,"27":0,"28":0,"30":0,"35":0,"36":0,"38":0,"39":0,"40":0,"41":0,"44":0,"48":0,"51":0,"52":0,"55":0,"56":0,"58":0,"59":0,"60":0,"62":0,"63":0,"67":0,"68":0,"69":0,"70":0,"73":0,"74":0,"75":0,"77":0,"79":0,"82":0,"83":0,"84":0,"87":1,"88":0,"89":0,"90":0,"92":0,"94":0,"96":0,"99":1,"100":0,"101":0,"104":0,"106":0,"108":0,"110":0,"111":0,"112":0,"114":0,"115":0,"116":0,"117":0,"121":0,"123":0,"127":1,"128":0,"129":0,"130":0,"132":0,"133":0,"136":0,"137":0,"138":0,"139":0,"140":0,"141":0,"143":0,"144":0,"145":0,"146":0,"147":0,"150":0,"151":0,"152":0,"154":0,"155":0,"159":1,"160":0,"161":0,"162":0,"164":0,"165":0,"170":1,"172":0,"173":0,"174":0,"175":0,"176":0,"178":0,"179":0,"182":0,"183":0,"184":0,"188":1,"190":0,"191":0,"194":0,"197":1,"198":0,"200":0,"201":0,"203":0,"204":0,"205":0,"209":0,"210":0,"213":0,"215":0,"216":0,"220":0,"225":0,"228":1,"229":0,"231":0,"233":0,"235":0,"238":0,"239":0,"240":0,"242":0,"243":0,"244":0,"245":0,"246":0,"247":0,"248":0,"249":0,"253":0,"254":0,"257":0,"258":0,"259":0,"262":0,"263":0,"266":0,"267":0,"268":0,"269":0,"270":0,"273":0,"274":0,"277":0,"278":0,"279":0,"280":0,"281":0,"282":0,"284":0,"285":0,"288":0,"289":0,"292":0,"294":0,"297":0,"300":0,"307":1,"308":0,"311":0,"312":0,"313":0,"316":0,"317":0,"318":0,"321":0,"323":0,"329":0,"330":0,"331":0,"332":0,"337":0,"340":0,"342":0,"346":0,"351":0,"354":0,"356":0,"357":0,"358":0,"359":0,"360":0,"361":0,"362":0,"363":0,"364":0,"371":0,"373":0,"374":0,"375":0,"376":0,"378":0,"380":0,"383":0,"384":0,"386":0,"391":0,"392":0,"393":0,"398":0,"399":0,"403":0,"404":0,"407":0,"408":0,"409":0,"410":0,"414":0,"415":0,"416":0,"417":0,"418":0,"420":0,"425":1,"426":0,"428":0,"429":0,"430":0,"433":0,"434":0,"435":0,"438":0,"440":0,"447":0,"448":0,"449":0,"450":0,"455":0,"458":0,"460":0,"464":0,"469":0,"470":0,"473":0,"474":0,"475":0,"476":0,"477":0,"478":0,"479":0,"480":0,"481":0,"482":0,"489":0,"490":0,"491":0,"492":0,"493":0,"495":0,"497":0,"500":0,"501":0,"503":0,"508":0,"509":0,"510":0,"515":0,"516":0,"517":0,"520":0,"527":1,"528":0,"531":0,"532":0,"534":0,"536":0,"537":0,"538":0,"539":0,"541":0,"546":1,"547":0,"548":0,"549":0,"550":0,"552":0,"555":1,"556":0,"557":0,"558":0,"559":0,"560":0,"561":0,"563":0,"566":0,"568":0,"569":0,"572":0,"573":0,"574":0,"577":1,"578":0,"579":0,"580":0,"582":0,"586":1,"587":1,"588":1,"589":1,"590":1}},"/home/travis/build/npmtest/node-npmtest-apimocker/node_modules/apimocker/Gruntfile.js":{"path":"/home/travis/build/npmtest/node-npmtest-apimocker/node_modules/apimocker/Gruntfile.js","s":{"1":1,"2":0,"3":0,"4":0,"5":0,"6":0,"7":0},"b":{},"f":{"1":0},"fnMap":{"1":{"name":"(anonymous_1)","line":8,"loc":{"start":{"line":8,"column":17},"end":{"line":8,"column":34}}}},"statementMap":{"1":{"start":{"line":8,"column":0},"end":{"line":55,"column":2}},"2":{"start":{"line":11,"column":4},"end":{"line":41,"column":7}},"3":{"start":{"line":43,"column":4},"end":{"line":43,"column":42}},"4":{"start":{"line":44,"column":4},"end":{"line":44,"column":46}},"5":{"start":{"line":45,"column":4},"end":{"line":45,"column":47}},"6":{"start":{"line":47,"column":4},"end":{"line":49,"column":7}},"7":{"start":{"line":51,"column":4},"end":{"line":54,"column":7}}},"branchMap":{},"code":["// # Globbing (tip thanks to Yeoman)","// for performance reasons we're only matching one level down:","// 'test/spec/{,*/}*.js'","// use this if you want to match all subfolders:","// 'test/spec/**/*.js'","","/*global module:false*/","module.exports = function (grunt) {","    'use strict';","","    grunt.initConfig({","","        mochacli: {","            options: {","              globals: ['should'],","              timeout: 3000,","              ignoreLeaks: false,","              ui: 'bdd',","              reporter: 'spec'","            },","","            all: { src: 'test/{,*/}*.js' }","        },","","        watch: {","            files: [","                'Gruntfile.js',","                'lib/apimocker.js',","                'test/{,*/}*.js'","            ],","            tasks: ['jshint', 'test']","        },","","        jshint: {","            all: [","                'Gruntfile.js',","                'lib/apimocker.js',","                'test/{,*/}*.js'","            ]","        }","    });","","    grunt.loadNpmTasks('grunt-mocha-cli');","    grunt.loadNpmTasks('grunt-contrib-watch');","    grunt.loadNpmTasks('grunt-contrib-jshint');","","    grunt.registerTask('test', [","        'mochacli'","    ]);","","    grunt.registerTask('default', [","        'jshint',","        'test'","    ]);","};",""],"l":{"8":1,"11":0,"43":0,"44":0,"45":0,"47":0,"51":0}}}